[ DEBUG] [2024-10-08 22:59:12,814] [main] o.s.b.t.c.SpringBootTestContextBootstrapper -Neither @ContextConfiguration nor @ContextHierarchy found for test class [NettyWebSocketClientTest]: using SpringBootContextLoader
[ DEBUG] [2024-10-08 22:59:12,816] [main] o.s.t.c.s.AbstractContextLoader -Could not detect default resource locations for test class [com.helei.tradedatacenter.support.NettyWebSocketClientTest]: no resource found for suffixes {-context.xml, Context.groovy}.
[ INFO ] [2024-10-08 22:59:12,816] [main] o.s.t.c.s.AnnotationConfigContextLoaderUtils -Could not detect default configuration classes for test class [com.helei.tradedatacenter.support.NettyWebSocketClientTest]: NettyWebSocketClientTest does not declare any static, non-private, non-final, nested classes annotated with @Configuration.
[ DEBUG] [2024-10-08 22:59:12,821] [main] o.s.b.t.c.SpringBootTestContextBootstrapper -Using ContextCustomizerFactory implementations for test class [NettyWebSocketClientTest]: [ImportsContextCustomizerFactory, ExcludeFilterContextCustomizerFactory, HttpGraphQlTesterContextCustomizerFactory, DuplicateJsonObjectContextCustomizerFactory, MockitoContextCustomizerFactory, TestRestTemplateContextCustomizerFactory, WebTestClientContextCustomizerFactory, DisableReactorResourceFactoryGlobalResourcesContextCustomizerFactory, OverrideAutoConfigurationContextCustomizerFactory, ObservabilityContextCustomizerFactory, TypeExcludeFiltersContextCustomizerFactory, PropertyMappingContextCustomizerFactory, WebDriverContextCustomizerFactory, MockServerContainerContextCustomizerFactory, DynamicPropertiesContextCustomizerFactory]
[ DEBUG] [2024-10-08 22:59:12,828] [main] o.s.b.t.c.SpringBootTestContextBootstrapper -Using ContextCustomizers for test class [NettyWebSocketClientTest]: [ExcludeFilterContextCustomizer, DuplicateJsonObjectContextCustomizer, MockitoContextCustomizer, TestRestTemplateContextCustomizer, DisableObservabilityContextCustomizer, PropertyMappingContextCustomizer, WebDriverContextCustomizer]
[ DEBUG] [2024-10-08 22:59:12,867] [main] o.s.c.a.ClassPathScanningCandidateComponentProvider -Identified candidate component class: file [/Users/helei/develop/ideaworkspace/ShinanoQuanti/TradeDataCenter/target/classes/com/helei/tradedatacenter/TradeDataCenterApplication.class]
[ INFO ] [2024-10-08 22:59:12,868] [main] o.s.b.t.c.SpringBootTestContextBootstrapper -Found @SpringBootConfiguration com.helei.tradedatacenter.TradeDataCenterApplication for test class com.helei.tradedatacenter.support.NettyWebSocketClientTest
[ DEBUG] [2024-10-08 22:59:12,905] [main] o.s.t.c.u.TestContextSpringFactoriesUtils -Skipping candidate TestExecutionListener [org.springframework.test.context.web.ServletTestExecutionListener] due to a missing dependency. Specify custom TestExecutionListener classes or make the default TestExecutionListener classes and their required dependencies available. Offending class: jakarta/servlet/ServletContext
[ DEBUG] [2024-10-08 22:59:12,907] [main] o.s.t.c.u.TestContextSpringFactoriesUtils -Skipping candidate TestExecutionListener [org.springframework.test.context.observation.MicrometerObservationRegistryTestExecutionListener] due to a missing dependency. Specify custom TestExecutionListener classes or make the default TestExecutionListener classes and their required dependencies available. Offending class: io.micrometer.context.ThreadLocalAccessor. MicrometerObservationRegistryTestExecutionListener requires io.micrometer:micrometer-observation:1.10.8 or higher and io.micrometer:context-propagation:1.0.3 or higher.
[ DEBUG] [2024-10-08 22:59:12,907] [main] o.s.t.c.u.TestContextSpringFactoriesUtils -Skipping candidate TestExecutionListener [org.springframework.test.context.transaction.TransactionalTestExecutionListener] due to a missing dependency. Specify custom TestExecutionListener classes or make the default TestExecutionListener classes and their required dependencies available. Offending class: org/springframework/transaction/interceptor/TransactionAttributeSource
[ DEBUG] [2024-10-08 22:59:12,908] [main] o.s.t.c.u.TestContextSpringFactoriesUtils -Skipping candidate TestExecutionListener [org.springframework.test.context.jdbc.SqlScriptsTestExecutionListener] due to a missing dependency. Specify custom TestExecutionListener classes or make the default TestExecutionListener classes and their required dependencies available. Offending class: org/springframework/transaction/interceptor/TransactionAttribute
[ DEBUG] [2024-10-08 22:59:12,909] [main] o.s.b.t.c.SpringBootTestContextBootstrapper -Using TestExecutionListeners for test class [NettyWebSocketClientTest]: [DirtiesContextBeforeModesTestExecutionListener, ApplicationEventsTestExecutionListener, MockitoTestExecutionListener, DependencyInjectionTestExecutionListener, DirtiesContextTestExecutionListener, EventPublishingTestExecutionListener, ResetMocksTestExecutionListener, RestDocsTestExecutionListener, MockRestServiceServerResetTestExecutionListener, MockMvcPrintOnlyOnFailureTestExecutionListener, WebDriverTestExecutionListener, MockWebServiceServerTestExecutionListener]
[ DEBUG] [2024-10-08 22:59:12,909] [main] o.s.t.c.s.DirtiesContextBeforeModesTestExecutionListener -Before test class: class [NettyWebSocketClientTest], class annotated with @DirtiesContext [false] with mode [null]
[ DEBUG] [2024-10-08 22:59:12,915] [main] o.s.t.c.s.DependencyInjectionTestExecutionListener -Performing dependency injection for test class com.helei.tradedatacenter.support.NettyWebSocketClientTest
[ INFO ] [2024-10-08 22:59:12,938] [main] o.s.b.d.r.RestartApplicationListener -Restart disabled due to context in which it is running
[ INFO ] [2024-10-08 22:59:13,042] [main] c.h.t.s.NettyWebSocketClientTest -Starting NettyWebSocketClientTest using Java 17.0.3 with PID 9685 (started by helei in /Users/helei/develop/ideaworkspace/ShinanoQuanti/TradeDataCenter)
[ DEBUG] [2024-10-08 22:59:13,042] [main] c.h.t.s.NettyWebSocketClientTest -Running with Spring Boot v3.3.4, Spring v6.1.13
[ INFO ] [2024-10-08 22:59:13,043] [main] c.h.t.s.NettyWebSocketClientTest -No active profile set, falling back to 1 default profile: "default"
[ DEBUG] [2024-10-08 22:59:13,043] [main] o.s.b.SpringApplication -Loading source class com.helei.tradedatacenter.TradeDataCenterApplication
[ DEBUG] [2024-10-08 22:59:13,050] [main] o.s.c.a.AnnotationConfigApplicationContext -Refreshing org.springframework.context.annotation.AnnotationConfigApplicationContext@2c282004
[ DEBUG] [2024-10-08 22:59:13,055] [main] o.s.b.f.s.DefaultListableBeanFactory -Creating shared instance of singleton bean 'org.springframework.context.annotation.internalConfigurationAnnotationProcessor'
[ DEBUG] [2024-10-08 22:59:13,060] [main] o.s.b.f.s.DefaultListableBeanFactory -Creating shared instance of singleton bean 'org.springframework.boot.autoconfigure.internalCachingMetadataReaderFactory'
[ DEBUG] [2024-10-08 22:59:13,185] [main] o.s.b.f.s.DefaultListableBeanFactory -Creating shared instance of singleton bean 'propertySourcesPlaceholderConfigurer'
[ DEBUG] [2024-10-08 22:59:13,188] [main] o.s.b.f.s.DefaultListableBeanFactory -Creating shared instance of singleton bean 'org.springframework.boot.test.mock.mockito.MockitoPostProcessor'
[ DEBUG] [2024-10-08 22:59:13,190] [main] o.s.b.f.s.DefaultListableBeanFactory -Creating shared instance of singleton bean 'org.springframework.boot.sql.init.dependency.DatabaseInitializationDependencyConfigurer$DependsOnDatabaseInitializationPostProcessor'
[ DEBUG] [2024-10-08 22:59:13,195] [main] o.s.b.f.s.DefaultListableBeanFactory -Creating shared instance of singleton bean 'org.springframework.context.event.internalEventListenerProcessor'
[ DEBUG] [2024-10-08 22:59:13,196] [main] o.s.b.f.s.DefaultListableBeanFactory -Creating shared instance of singleton bean 'forceAutoProxyCreatorToUseClassProxying'
[ DEBUG] [2024-10-08 22:59:13,196] [main] o.s.b.f.s.DefaultListableBeanFactory -Creating shared instance of singleton bean 'org.springframework.context.event.internalEventListenerFactory'
[ DEBUG] [2024-10-08 22:59:13,198] [main] o.s.b.f.s.DefaultListableBeanFactory -Creating shared instance of singleton bean 'org.springframework.context.annotation.internalAutowiredAnnotationProcessor'
[ DEBUG] [2024-10-08 22:59:13,199] [main] o.s.b.f.s.DefaultListableBeanFactory -Creating shared instance of singleton bean 'org.springframework.context.annotation.internalCommonAnnotationProcessor'
[ DEBUG] [2024-10-08 22:59:13,201] [main] o.s.b.f.s.DefaultListableBeanFactory -Creating shared instance of singleton bean 'org.springframework.boot.test.mock.mockito.MockitoPostProcessor$SpyPostProcessor'
[ DEBUG] [2024-10-08 22:59:13,201] [main] o.s.b.f.s.DefaultListableBeanFactory -Creating shared instance of singleton bean 'org.springframework.boot.context.properties.ConfigurationPropertiesBindingPostProcessor'
[ DEBUG] [2024-10-08 22:59:13,201] [main] o.s.b.f.s.DefaultListableBeanFactory -Creating shared instance of singleton bean 'org.springframework.boot.context.internalConfigurationPropertiesBinder'
[ DEBUG] [2024-10-08 22:59:13,202] [main] o.s.b.f.s.DefaultListableBeanFactory -Creating shared instance of singleton bean 'org.springframework.aop.config.internalAutoProxyCreator'
[ DEBUG] [2024-10-08 22:59:13,207] [main] o.s.b.f.s.DefaultListableBeanFactory -Creating shared instance of singleton bean 'tradeDataCenterApplication'
[ DEBUG] [2024-10-08 22:59:13,209] [main] o.s.b.f.s.DefaultListableBeanFactory -Creating shared instance of singleton bean 'org.springframework.boot.autoconfigure.AutoConfigurationPackages'
[ DEBUG] [2024-10-08 22:59:13,209] [main] o.s.b.f.s.DefaultListableBeanFactory -Creating shared instance of singleton bean 'org.springframework.boot.autoconfigure.context.PropertyPlaceholderAutoConfiguration'
[ DEBUG] [2024-10-08 22:59:13,209] [main] o.s.b.f.s.DefaultListableBeanFactory -Creating shared instance of singleton bean 'org.springframework.boot.autoconfigure.aop.AopAutoConfiguration$ClassProxyingConfiguration'
[ DEBUG] [2024-10-08 22:59:13,209] [main] o.s.b.f.s.DefaultListableBeanFactory -Creating shared instance of singleton bean 'org.springframework.boot.autoconfigure.aop.AopAutoConfiguration'
[ DEBUG] [2024-10-08 22:59:13,210] [main] o.s.b.f.s.DefaultListableBeanFactory -Creating shared instance of singleton bean 'org.springframework.boot.autoconfigure.availability.ApplicationAvailabilityAutoConfiguration'
[ DEBUG] [2024-10-08 22:59:13,210] [main] o.s.b.f.s.DefaultListableBeanFactory -Creating shared instance of singleton bean 'applicationAvailability'
[ DEBUG] [2024-10-08 22:59:13,210] [main] o.s.b.f.s.DefaultListableBeanFactory -Creating shared instance of singleton bean 'org.springframework.boot.autoconfigure.context.ConfigurationPropertiesAutoConfiguration'
[ DEBUG] [2024-10-08 22:59:13,210] [main] o.s.b.f.s.DefaultListableBeanFactory -Creating shared instance of singleton bean 'org.springframework.boot.context.properties.BoundConfigurationProperties'
[ DEBUG] [2024-10-08 22:59:13,211] [main] o.s.b.f.s.DefaultListableBeanFactory -Creating shared instance of singleton bean 'org.springframework.boot.context.properties.EnableConfigurationPropertiesRegistrar.methodValidationExcludeFilter'
[ DEBUG] [2024-10-08 22:59:13,212] [main] o.s.b.f.s.DefaultListableBeanFactory -Creating shared instance of singleton bean 'org.springframework.boot.autoconfigure.context.LifecycleAutoConfiguration'
[ DEBUG] [2024-10-08 22:59:13,213] [main] o.s.b.f.s.DefaultListableBeanFactory -Creating shared instance of singleton bean 'lifecycleProcessor'
[ DEBUG] [2024-10-08 22:59:13,213] [main] o.s.b.f.s.DefaultListableBeanFactory -Creating shared instance of singleton bean 'spring.lifecycle-org.springframework.boot.autoconfigure.context.LifecycleProperties'
[ DEBUG] [2024-10-08 22:59:13,219] [main] o.s.b.f.s.DefaultListableBeanFactory -Autowiring by type from bean name 'lifecycleProcessor' via factory method to bean named 'spring.lifecycle-org.springframework.boot.autoconfigure.context.LifecycleProperties'
[ DEBUG] [2024-10-08 22:59:13,220] [main] o.s.b.f.s.DefaultListableBeanFactory -Creating shared instance of singleton bean 'org.springframework.boot.autoconfigure.info.ProjectInfoAutoConfiguration'
[ DEBUG] [2024-10-08 22:59:13,221] [main] o.s.b.f.s.DefaultListableBeanFactory -Creating shared instance of singleton bean 'spring.info-org.springframework.boot.autoconfigure.info.ProjectInfoProperties'
[ DEBUG] [2024-10-08 22:59:13,222] [main] o.s.b.f.s.DefaultListableBeanFactory -Autowiring by type from bean name 'org.springframework.boot.autoconfigure.info.ProjectInfoAutoConfiguration' via constructor to bean named 'spring.info-org.springframework.boot.autoconfigure.info.ProjectInfoProperties'
[ DEBUG] [2024-10-08 22:59:13,222] [main] o.s.b.f.s.DefaultListableBeanFactory -Creating shared instance of singleton bean 'org.springframework.boot.autoconfigure.netty.NettyAutoConfiguration'
[ DEBUG] [2024-10-08 22:59:13,222] [main] o.s.b.f.s.DefaultListableBeanFactory -Creating shared instance of singleton bean 'spring.netty-org.springframework.boot.autoconfigure.netty.NettyProperties'
[ DEBUG] [2024-10-08 22:59:13,222] [main] o.s.b.f.s.DefaultListableBeanFactory -Autowiring by type from bean name 'org.springframework.boot.autoconfigure.netty.NettyAutoConfiguration' via constructor to bean named 'spring.netty-org.springframework.boot.autoconfigure.netty.NettyProperties'
[ DEBUG] [2024-10-08 22:59:13,222] [main] o.s.b.f.s.DefaultListableBeanFactory -Creating shared instance of singleton bean 'org.springframework.boot.autoconfigure.sql.init.SqlInitializationAutoConfiguration'
[ DEBUG] [2024-10-08 22:59:13,223] [main] o.s.b.f.s.DefaultListableBeanFactory -Creating shared instance of singleton bean 'spring.sql.init-org.springframework.boot.autoconfigure.sql.init.SqlInitializationProperties'
[ DEBUG] [2024-10-08 22:59:13,224] [main] o.s.b.f.s.DefaultListableBeanFactory -Creating shared instance of singleton bean 'org.springframework.boot.autoconfigure.ssl.SslAutoConfiguration'
[ DEBUG] [2024-10-08 22:59:13,224] [main] o.s.b.f.s.DefaultListableBeanFactory -Creating shared instance of singleton bean 'spring.ssl-org.springframework.boot.autoconfigure.ssl.SslProperties'
[ DEBUG] [2024-10-08 22:59:13,225] [main] o.s.b.f.s.DefaultListableBeanFactory -Autowiring by type from bean name 'org.springframework.boot.autoconfigure.ssl.SslAutoConfiguration' via constructor to bean named 'spring.ssl-org.springframework.boot.autoconfigure.ssl.SslProperties'
[ DEBUG] [2024-10-08 22:59:13,225] [main] o.s.b.f.s.DefaultListableBeanFactory -Creating shared instance of singleton bean 'fileWatcher'
[ DEBUG] [2024-10-08 22:59:13,226] [main] o.s.b.f.s.DefaultListableBeanFactory -Creating shared instance of singleton bean 'sslPropertiesSslBundleRegistrar'
[ DEBUG] [2024-10-08 22:59:13,226] [main] o.s.b.f.s.DefaultListableBeanFactory -Autowiring by type from bean name 'sslPropertiesSslBundleRegistrar' via factory method to bean named 'fileWatcher'
[ DEBUG] [2024-10-08 22:59:13,227] [main] o.s.b.f.s.DefaultListableBeanFactory -Creating shared instance of singleton bean 'sslBundleRegistry'
[ DEBUG] [2024-10-08 22:59:13,229] [main] o.s.b.f.s.DefaultListableBeanFactory -Creating shared instance of singleton bean 'org.springframework.boot.autoconfigure.task.TaskExecutorConfigurations$ThreadPoolTaskExecutorBuilderConfiguration'
[ DEBUG] [2024-10-08 22:59:13,229] [main] o.s.b.f.s.DefaultListableBeanFactory -Creating shared instance of singleton bean 'threadPoolTaskExecutorBuilder'
[ DEBUG] [2024-10-08 22:59:13,230] [main] o.s.b.f.s.DefaultListableBeanFactory -Creating shared instance of singleton bean 'spring.task.execution-org.springframework.boot.autoconfigure.task.TaskExecutionProperties'
[ DEBUG] [2024-10-08 22:59:13,231] [main] o.s.b.f.s.DefaultListableBeanFactory -Autowiring by type from bean name 'threadPoolTaskExecutorBuilder' via factory method to bean named 'spring.task.execution-org.springframework.boot.autoconfigure.task.TaskExecutionProperties'
[ DEBUG] [2024-10-08 22:59:13,232] [main] o.s.b.f.s.DefaultListableBeanFactory -Creating shared instance of singleton bean 'org.springframework.boot.autoconfigure.task.TaskExecutorConfigurations$TaskExecutorBuilderConfiguration'
[ DEBUG] [2024-10-08 22:59:13,232] [main] o.s.b.f.s.DefaultListableBeanFactory -Creating shared instance of singleton bean 'taskExecutorBuilder'
[ DEBUG] [2024-10-08 22:59:13,232] [main] o.s.b.f.s.DefaultListableBeanFactory -Autowiring by type from bean name 'taskExecutorBuilder' via factory method to bean named 'spring.task.execution-org.springframework.boot.autoconfigure.task.TaskExecutionProperties'
[ DEBUG] [2024-10-08 22:59:13,233] [main] o.s.b.f.s.DefaultListableBeanFactory -Creating shared instance of singleton bean 'org.springframework.boot.autoconfigure.task.TaskExecutorConfigurations$SimpleAsyncTaskExecutorBuilderConfiguration'
[ DEBUG] [2024-10-08 22:59:13,234] [main] o.s.b.f.s.DefaultListableBeanFactory -Autowiring by type from bean name 'org.springframework.boot.autoconfigure.task.TaskExecutorConfigurations$SimpleAsyncTaskExecutorBuilderConfiguration' via constructor to bean named 'spring.task.execution-org.springframework.boot.autoconfigure.task.TaskExecutionProperties'
[ DEBUG] [2024-10-08 22:59:13,234] [main] o.s.b.f.s.DefaultListableBeanFactory -Creating shared instance of singleton bean 'simpleAsyncTaskExecutorBuilder'
[ DEBUG] [2024-10-08 22:59:13,235] [main] o.s.b.f.s.DefaultListableBeanFactory -Creating shared instance of singleton bean 'org.springframework.boot.autoconfigure.task.TaskExecutorConfigurations$TaskExecutorConfiguration'
[ DEBUG] [2024-10-08 22:59:13,235] [main] o.s.b.f.s.DefaultListableBeanFactory -Creating shared instance of singleton bean 'org.springframework.boot.autoconfigure.task.TaskExecutionAutoConfiguration'
[ DEBUG] [2024-10-08 22:59:13,235] [main] o.s.b.f.s.DefaultListableBeanFactory -Creating shared instance of singleton bean 'org.springframework.boot.autoconfigure.task.TaskSchedulingConfigurations$ThreadPoolTaskSchedulerBuilderConfiguration'
[ DEBUG] [2024-10-08 22:59:13,235] [main] o.s.b.f.s.DefaultListableBeanFactory -Creating shared instance of singleton bean 'threadPoolTaskSchedulerBuilder'
[ DEBUG] [2024-10-08 22:59:13,235] [main] o.s.b.f.s.DefaultListableBeanFactory -Creating shared instance of singleton bean 'spring.task.scheduling-org.springframework.boot.autoconfigure.task.TaskSchedulingProperties'
[ DEBUG] [2024-10-08 22:59:13,236] [main] o.s.b.f.s.DefaultListableBeanFactory -Autowiring by type from bean name 'threadPoolTaskSchedulerBuilder' via factory method to bean named 'spring.task.scheduling-org.springframework.boot.autoconfigure.task.TaskSchedulingProperties'
[ DEBUG] [2024-10-08 22:59:13,237] [main] o.s.b.f.s.DefaultListableBeanFactory -Creating shared instance of singleton bean 'org.springframework.boot.autoconfigure.task.TaskSchedulingConfigurations$TaskSchedulerBuilderConfiguration'
[ DEBUG] [2024-10-08 22:59:13,237] [main] o.s.b.f.s.DefaultListableBeanFactory -Creating shared instance of singleton bean 'taskSchedulerBuilder'
[ DEBUG] [2024-10-08 22:59:13,238] [main] o.s.b.f.s.DefaultListableBeanFactory -Autowiring by type from bean name 'taskSchedulerBuilder' via factory method to bean named 'spring.task.scheduling-org.springframework.boot.autoconfigure.task.TaskSchedulingProperties'
[ DEBUG] [2024-10-08 22:59:13,238] [main] o.s.b.f.s.DefaultListableBeanFactory -Creating shared instance of singleton bean 'org.springframework.boot.autoconfigure.task.TaskSchedulingConfigurations$SimpleAsyncTaskSchedulerBuilderConfiguration'
[ DEBUG] [2024-10-08 22:59:13,238] [main] o.s.b.f.s.DefaultListableBeanFactory -Autowiring by type from bean name 'org.springframework.boot.autoconfigure.task.TaskSchedulingConfigurations$SimpleAsyncTaskSchedulerBuilderConfiguration' via constructor to bean named 'spring.task.scheduling-org.springframework.boot.autoconfigure.task.TaskSchedulingProperties'
[ DEBUG] [2024-10-08 22:59:13,238] [main] o.s.b.f.s.DefaultListableBeanFactory -Creating shared instance of singleton bean 'simpleAsyncTaskSchedulerBuilder'
[ DEBUG] [2024-10-08 22:59:13,239] [main] o.s.b.f.s.DefaultListableBeanFactory -Creating shared instance of singleton bean 'org.springframework.boot.autoconfigure.task.TaskSchedulingAutoConfiguration'
[ DEBUG] [2024-10-08 22:59:13,242] [main] o.s.b.f.s.DefaultListableBeanFactory -Creating shared instance of singleton bean 'applicationTaskExecutor'
[ DEBUG] [2024-10-08 22:59:13,242] [main] o.s.b.f.s.DefaultListableBeanFactory -Autowiring by type from bean name 'applicationTaskExecutor' via factory method to bean named 'taskExecutorBuilder'
[ DEBUG] [2024-10-08 22:59:13,246] [main] o.s.s.c.ThreadPoolTaskExecutor -Initializing ExecutorService 'applicationTaskExecutor'
[ DEBUG] [2024-10-08 22:59:13,248] [main] o.s.c.s.DefaultLifecycleProcessor -Starting beans in phase -2147483647
[ DEBUG] [2024-10-08 22:59:13,248] [main] o.s.c.s.DefaultLifecycleProcessor -Successfully started bean 'springBootLoggingLifecycle'
[ DEBUG] [2024-10-08 22:59:13,248] [main] o.s.c.s.DefaultLifecycleProcessor -Starting beans in phase 2147483647
[ DEBUG] [2024-10-08 22:59:13,255] [main] o.s.b.a.l.ConditionEvaluationReportLogger -


============================
CONDITIONS EVALUATION REPORT
============================


Positive matches:
-----------------

   AopAutoConfiguration matched:
      - @ConditionalOnProperty (spring.aop.auto=true) matched (OnPropertyCondition)

   AopAutoConfiguration.ClassProxyingConfiguration matched:
      - @ConditionalOnMissingClass did not find unwanted class 'org.aspectj.weaver.Advice' (OnClassCondition)
      - @ConditionalOnProperty (spring.aop.proxy-target-class=true) matched (OnPropertyCondition)

   ApplicationAvailabilityAutoConfiguration#applicationAvailability matched:
      - @ConditionalOnMissingBean (types: org.springframework.boot.availability.ApplicationAvailability; SearchStrategy: all) did not find any beans (OnBeanCondition)

   GenericCacheConfiguration matched:
      - Cache org.springframework.boot.autoconfigure.cache.GenericCacheConfiguration automatic cache type (CacheCondition)

   LifecycleAutoConfiguration#defaultLifecycleProcessor matched:
      - @ConditionalOnMissingBean (names: lifecycleProcessor; SearchStrategy: current) did not find any beans (OnBeanCondition)

   NettyAutoConfiguration matched:
      - @ConditionalOnClass found required class 'io.netty.util.NettyRuntime' (OnClassCondition)

   NoOpCacheConfiguration matched:
      - Cache org.springframework.boot.autoconfigure.cache.NoOpCacheConfiguration automatic cache type (CacheCondition)

   PropertyPlaceholderAutoConfiguration#propertySourcesPlaceholderConfigurer matched:
      - @ConditionalOnMissingBean (types: org.springframework.context.support.PropertySourcesPlaceholderConfigurer; SearchStrategy: current) did not find any beans (OnBeanCondition)

   SimpleCacheConfiguration matched:
      - Cache org.springframework.boot.autoconfigure.cache.SimpleCacheConfiguration automatic cache type (CacheCondition)

   SqlInitializationAutoConfiguration matched:
      - @ConditionalOnProperty (spring.sql.init.enabled) matched (OnPropertyCondition)
      - NoneNestedConditions 0 matched 1 did not; NestedCondition on SqlInitializationAutoConfiguration.SqlInitializationModeCondition.ModeIsNever @ConditionalOnProperty (spring.sql.init.mode=never) did not find property 'mode' (SqlInitializationAutoConfiguration.SqlInitializationModeCondition)

   SslAutoConfiguration#sslBundleRegistry matched:
      - @ConditionalOnMissingBean (types: org.springframework.boot.ssl.SslBundleRegistry,org.springframework.boot.ssl.SslBundles; SearchStrategy: all) did not find any beans (OnBeanCondition)

   TaskExecutionAutoConfiguration matched:
      - @ConditionalOnClass found required class 'org.springframework.scheduling.concurrent.ThreadPoolTaskExecutor' (OnClassCondition)

   TaskExecutorConfigurations.SimpleAsyncTaskExecutorBuilderConfiguration#simpleAsyncTaskExecutorBuilder matched:
      - @ConditionalOnMissingBean (types: org.springframework.boot.task.SimpleAsyncTaskExecutorBuilder; SearchStrategy: all) did not find any beans (OnBeanCondition)
      - @ConditionalOnThreading found PLATFORM (OnThreadingCondition)

   TaskExecutorConfigurations.TaskExecutorBuilderConfiguration#taskExecutorBuilder matched:
      - @ConditionalOnMissingBean (types: org.springframework.boot.task.TaskExecutorBuilder; SearchStrategy: all) did not find any beans (OnBeanCondition)

   TaskExecutorConfigurations.TaskExecutorConfiguration matched:
      - @ConditionalOnMissingBean (types: java.util.concurrent.Executor; SearchStrategy: all) did not find any beans (OnBeanCondition)

   TaskExecutorConfigurations.TaskExecutorConfiguration#applicationTaskExecutor matched:
      - @ConditionalOnThreading found PLATFORM (OnThreadingCondition)

   TaskExecutorConfigurations.ThreadPoolTaskExecutorBuilderConfiguration#threadPoolTaskExecutorBuilder matched:
      - @ConditionalOnMissingBean (types: org.springframework.boot.task.TaskExecutorBuilder,org.springframework.boot.task.ThreadPoolTaskExecutorBuilder; SearchStrategy: all) did not find any beans (OnBeanCondition)

   TaskSchedulingAutoConfiguration matched:
      - @ConditionalOnClass found required class 'org.springframework.scheduling.concurrent.ThreadPoolTaskScheduler' (OnClassCondition)

   TaskSchedulingConfigurations.SimpleAsyncTaskSchedulerBuilderConfiguration#simpleAsyncTaskSchedulerBuilder matched:
      - @ConditionalOnMissingBean (types: org.springframework.boot.task.SimpleAsyncTaskSchedulerBuilder; SearchStrategy: all) did not find any beans (OnBeanCondition)
      - @ConditionalOnThreading found PLATFORM (OnThreadingCondition)

   TaskSchedulingConfigurations.TaskSchedulerBuilderConfiguration#taskSchedulerBuilder matched:
      - @ConditionalOnMissingBean (types: org.springframework.boot.task.TaskSchedulerBuilder; SearchStrategy: all) did not find any beans (OnBeanCondition)

   TaskSchedulingConfigurations.ThreadPoolTaskSchedulerBuilderConfiguration#threadPoolTaskSchedulerBuilder matched:
      - @ConditionalOnMissingBean (types: org.springframework.boot.task.TaskSchedulerBuilder,org.springframework.boot.task.ThreadPoolTaskSchedulerBuilder; SearchStrategy: all) did not find any beans (OnBeanCondition)


Negative matches:
-----------------

   ActiveMQAutoConfiguration:
      Did not match:
         - @ConditionalOnClass did not find required class 'jakarta.jms.ConnectionFactory' (OnClassCondition)

   AopAutoConfiguration.AspectJAutoProxyingConfiguration:
      Did not match:
         - @ConditionalOnClass did not find required class 'org.aspectj.weaver.Advice' (OnClassCondition)

   ArtemisAutoConfiguration:
      Did not match:
         - @ConditionalOnClass did not find required class 'jakarta.jms.ConnectionFactory' (OnClassCondition)

   BatchAutoConfiguration:
      Did not match:
         - @ConditionalOnClass did not find required class 'org.springframework.batch.core.launch.JobLauncher' (OnClassCondition)

   Cache2kCacheConfiguration:
      Did not match:
         - @ConditionalOnClass did not find required class 'org.cache2k.Cache2kBuilder' (OnClassCondition)

   CacheAutoConfiguration:
      Did not match:
         - @ConditionalOnBean (types: org.springframework.cache.interceptor.CacheAspectSupport; SearchStrategy: all) did not find any beans of type org.springframework.cache.interceptor.CacheAspectSupport (OnBeanCondition)
      Matched:
         - @ConditionalOnClass found required class 'org.springframework.cache.CacheManager' (OnClassCondition)

   CacheAutoConfiguration.CacheManagerEntityManagerFactoryDependsOnPostProcessor:
      Did not match:
         - @ConditionalOnClass did not find required class 'org.springframework.orm.jpa.LocalContainerEntityManagerFactoryBean' (OnClassCondition)
         - Ancestor org.springframework.boot.autoconfigure.cache.CacheAutoConfiguration did not match (ConditionEvaluationReport.AncestorsMatchedCondition)

   CaffeineCacheConfiguration:
      Did not match:
         - @ConditionalOnClass did not find required class 'com.github.benmanes.caffeine.cache.Caffeine' (OnClassCondition)

   CassandraAutoConfiguration:
      Did not match:
         - @ConditionalOnClass did not find required class 'com.datastax.oss.driver.api.core.CqlSession' (OnClassCondition)

   CassandraDataAutoConfiguration:
      Did not match:
         - @ConditionalOnClass did not find required class 'com.datastax.oss.driver.api.core.CqlSession' (OnClassCondition)

   CassandraReactiveDataAutoConfiguration:
      Did not match:
         - @ConditionalOnClass did not find required class 'com.datastax.oss.driver.api.core.CqlSession' (OnClassCondition)

   CassandraReactiveRepositoriesAutoConfiguration:
      Did not match:
         - @ConditionalOnClass did not find required class 'org.springframework.data.cassandra.ReactiveSession' (OnClassCondition)

   CassandraRepositoriesAutoConfiguration:
      Did not match:
         - @ConditionalOnClass did not find required class 'com.datastax.oss.driver.api.core.CqlSession' (OnClassCondition)

   ClientHttpConnectorAutoConfiguration:
      Did not match:
         - @ConditionalOnClass did not find required class 'org.springframework.web.reactive.function.client.WebClient' (OnClassCondition)

   CodecsAutoConfiguration:
      Did not match:
         - @ConditionalOnClass did not find required class 'org.springframework.http.codec.CodecConfigurer' (OnClassCondition)

   CouchbaseAutoConfiguration:
      Did not match:
         - @ConditionalOnClass did not find required class 'com.couchbase.client.java.Cluster' (OnClassCondition)

   CouchbaseCacheConfiguration:
      Did not match:
         - @ConditionalOnClass did not find required class 'com.couchbase.client.java.Cluster' (OnClassCondition)

   CouchbaseDataAutoConfiguration:
      Did not match:
         - @ConditionalOnClass did not find required class 'com.couchbase.client.java.Bucket' (OnClassCondition)

   CouchbaseReactiveDataAutoConfiguration:
      Did not match:
         - @ConditionalOnClass did not find required class 'com.couchbase.client.java.Cluster' (OnClassCondition)

   CouchbaseReactiveRepositoriesAutoConfiguration:
      Did not match:
         - @ConditionalOnClass did not find required class 'com.couchbase.client.java.Cluster' (OnClassCondition)

   CouchbaseRepositoriesAutoConfiguration:
      Did not match:
         - @ConditionalOnClass did not find required class 'com.couchbase.client.java.Bucket' (OnClassCondition)

   DataSourceAutoConfiguration:
      Did not match:
         - @ConditionalOnClass did not find required class 'org.springframework.jdbc.datasource.embedded.EmbeddedDatabaseType' (OnClassCondition)

   DataSourceInitializationConfiguration:
      Did not match:
         - @ConditionalOnClass did not find required class 'org.springframework.jdbc.datasource.init.DatabasePopulator' (OnClassCondition)

   DataSourceTransactionManagerAutoConfiguration:
      Did not match:
         - @ConditionalOnClass did not find required class 'org.springframework.jdbc.core.JdbcTemplate' (OnClassCondition)

   DevToolsDataSourceAutoConfiguration:
      Did not match:
         - Devtools devtools is disabled for current context. (OnEnabledDevToolsCondition)
      Matched:
         - @ConditionalOnClass found required class 'javax.sql.DataSource' (OnClassCondition)

   DevToolsR2dbcAutoConfiguration:
      Did not match:
         - @ConditionalOnClass did not find required class 'io.r2dbc.spi.ConnectionFactory' (OnClassCondition)

   DispatcherServletAutoConfiguration:
      Did not match:
         - @ConditionalOnClass did not find required class 'org.springframework.web.servlet.DispatcherServlet' (OnClassCondition)

   ElasticsearchClientAutoConfiguration:
      Did not match:
         - @ConditionalOnClass did not find required class 'co.elastic.clients.elasticsearch.ElasticsearchClient' (OnClassCondition)

   ElasticsearchDataAutoConfiguration:
      Did not match:
         - @ConditionalOnClass did not find required class 'org.springframework.data.elasticsearch.client.elc.ElasticsearchTemplate' (OnClassCondition)

   ElasticsearchRepositoriesAutoConfiguration:
      Did not match:
         - @ConditionalOnClass did not find required class 'org.springframework.data.elasticsearch.repository.ElasticsearchRepository' (OnClassCondition)

   ElasticsearchRestClientAutoConfiguration:
      Did not match:
         - @ConditionalOnClass did not find required class 'org.elasticsearch.client.RestClientBuilder' (OnClassCondition)

   EmbeddedLdapAutoConfiguration:
      Did not match:
         - @ConditionalOnClass did not find required class 'com.unboundid.ldap.listener.InMemoryDirectoryServer' (OnClassCondition)

   EmbeddedWebServerFactoryCustomizerAutoConfiguration:
      Did not match:
         - @ConditionalOnWebApplication did not find reactive or servlet web application classes (OnWebApplicationCondition)

   ErrorMvcAutoConfiguration:
      Did not match:
         - @ConditionalOnClass did not find required class 'jakarta.servlet.Servlet' (OnClassCondition)

   ErrorWebFluxAutoConfiguration:
      Did not match:
         - @ConditionalOnClass did not find required class 'org.springframework.web.reactive.config.WebFluxConfigurer' (OnClassCondition)

   FlywayAutoConfiguration:
      Did not match:
         - @ConditionalOnClass did not find required class 'org.flywaydb.core.Flyway' (OnClassCondition)

   FreeMarkerAutoConfiguration:
      Did not match:
         - @ConditionalOnClass did not find required class 'freemarker.template.Configuration' (OnClassCondition)

   GraphQlAutoConfiguration:
      Did not match:
         - @ConditionalOnClass did not find required class 'graphql.GraphQL' (OnClassCondition)

   GraphQlQueryByExampleAutoConfiguration:
      Did not match:
         - @ConditionalOnClass did not find required class 'graphql.GraphQL' (OnClassCondition)

   GraphQlQuerydslAutoConfiguration:
      Did not match:
         - @ConditionalOnClass did not find required class 'com.querydsl.core.Query' (OnClassCondition)

   GraphQlRSocketAutoConfiguration:
      Did not match:
         - @ConditionalOnClass did not find required class 'graphql.GraphQL' (OnClassCondition)

   GraphQlReactiveQueryByExampleAutoConfiguration:
      Did not match:
         - @ConditionalOnClass did not find required class 'graphql.GraphQL' (OnClassCondition)

   GraphQlReactiveQuerydslAutoConfiguration:
      Did not match:
         - @ConditionalOnClass did not find required class 'com.querydsl.core.Query' (OnClassCondition)

   GraphQlWebFluxAutoConfiguration:
      Did not match:
         - @ConditionalOnClass did not find required class 'graphql.GraphQL' (OnClassCondition)

   GraphQlWebFluxSecurityAutoConfiguration:
      Did not match:
         - @ConditionalOnClass did not find required class 'graphql.GraphQL' (OnClassCondition)

   GraphQlWebMvcAutoConfiguration:
      Did not match:
         - @ConditionalOnClass did not find required class 'graphql.GraphQL' (OnClassCondition)

   GraphQlWebMvcSecurityAutoConfiguration:
      Did not match:
         - @ConditionalOnClass did not find required class 'graphql.GraphQL' (OnClassCondition)

   GroovyTemplateAutoConfiguration:
      Did not match:
         - @ConditionalOnClass did not find required class 'groovy.text.markup.MarkupTemplateEngine' (OnClassCondition)

   GsonAutoConfiguration:
      Did not match:
         - @ConditionalOnClass did not find required class 'com.google.gson.Gson' (OnClassCondition)

   H2ConsoleAutoConfiguration:
      Did not match:
         - @ConditionalOnClass did not find required class 'org.h2.server.web.JakartaWebServlet' (OnClassCondition)

   HazelcastAutoConfiguration:
      Did not match:
         - @ConditionalOnClass did not find required class 'com.hazelcast.core.HazelcastInstance' (OnClassCondition)

   HazelcastCacheConfiguration:
      Did not match:
         - @ConditionalOnClass did not find required class 'com.hazelcast.core.HazelcastInstance' (OnClassCondition)

   HazelcastJpaDependencyAutoConfiguration:
      Did not match:
         - @ConditionalOnClass did not find required class 'com.hazelcast.core.HazelcastInstance' (OnClassCondition)

   HibernateJpaAutoConfiguration:
      Did not match:
         - @ConditionalOnClass did not find required class 'jakarta.persistence.EntityManager' (OnClassCondition)

   HttpEncodingAutoConfiguration:
      Did not match:
         - @ConditionalOnClass did not find required class 'org.springframework.web.filter.CharacterEncodingFilter' (OnClassCondition)

   HttpHandlerAutoConfiguration:
      Did not match:
         - @ConditionalOnClass did not find required class 'org.springframework.http.server.reactive.HttpHandler' (OnClassCondition)

   HttpMessageConvertersAutoConfiguration:
      Did not match:
         - @ConditionalOnClass did not find required class 'org.springframework.http.converter.HttpMessageConverter' (OnClassCondition)

   HypermediaAutoConfiguration:
      Did not match:
         - @ConditionalOnClass did not find required class 'org.springframework.hateoas.EntityModel' (OnClassCondition)

   InfinispanCacheConfiguration:
      Did not match:
         - @ConditionalOnClass did not find required class 'org.infinispan.spring.embedded.provider.SpringEmbeddedCacheManager' (OnClassCondition)

   InfluxDbAutoConfiguration:
      Did not match:
         - @ConditionalOnClass did not find required class 'org.influxdb.InfluxDB' (OnClassCondition)

   IntegrationAutoConfiguration:
      Did not match:
         - @ConditionalOnClass did not find required class 'org.springframework.integration.config.EnableIntegration' (OnClassCondition)

   JCacheCacheConfiguration:
      Did not match:
         - @ConditionalOnClass did not find required class 'javax.cache.Caching' (OnClassCondition)

   JacksonAutoConfiguration:
      Did not match:
         - @ConditionalOnClass did not find required class 'com.fasterxml.jackson.databind.ObjectMapper' (OnClassCondition)

   JdbcClientAutoConfiguration:
      Did not match:
         - @ConditionalOnSingleCandidate did not find required type 'org.springframework.jdbc.core.namedparam.NamedParameterJdbcTemplate' (OnBeanCondition)

   JdbcRepositoriesAutoConfiguration:
      Did not match:
         - @ConditionalOnClass did not find required class 'org.springframework.data.jdbc.repository.config.AbstractJdbcConfiguration' (OnClassCondition)

   JdbcTemplateAutoConfiguration:
      Did not match:
         - @ConditionalOnClass did not find required class 'org.springframework.jdbc.core.JdbcTemplate' (OnClassCondition)

   JerseyAutoConfiguration:
      Did not match:
         - @ConditionalOnClass did not find required class 'jakarta.servlet.ServletRegistration' (OnClassCondition)

   JmsAutoConfiguration:
      Did not match:
         - @ConditionalOnClass did not find required class 'jakarta.jms.Message' (OnClassCondition)

   JmxAutoConfiguration:
      Did not match:
         - @ConditionalOnProperty (spring.jmx.enabled=true) found different value in property 'enabled' (OnPropertyCondition)
      Matched:
         - @ConditionalOnClass found required class 'org.springframework.jmx.export.MBeanExporter' (OnClassCondition)

   JndiConnectionFactoryAutoConfiguration:
      Did not match:
         - @ConditionalOnClass did not find required class 'org.springframework.jms.core.JmsTemplate' (OnClassCondition)

   JndiDataSourceAutoConfiguration:
      Did not match:
         - @ConditionalOnClass did not find required class 'org.springframework.jdbc.datasource.embedded.EmbeddedDatabaseType' (OnClassCondition)

   JooqAutoConfiguration:
      Did not match:
         - @ConditionalOnClass did not find required class 'org.jooq.DSLContext' (OnClassCondition)

   JpaRepositoriesAutoConfiguration:
      Did not match:
         - @ConditionalOnClass did not find required class 'org.springframework.data.jpa.repository.JpaRepository' (OnClassCondition)

   JsonbAutoConfiguration:
      Did not match:
         - @ConditionalOnClass did not find required class 'jakarta.json.bind.Jsonb' (OnClassCondition)

   JtaAutoConfiguration:
      Did not match:
         - @ConditionalOnClass did not find required class 'jakarta.transaction.Transaction' (OnClassCondition)

   KafkaAutoConfiguration:
      Did not match:
         - @ConditionalOnClass did not find required class 'org.springframework.kafka.core.KafkaTemplate' (OnClassCondition)

   LdapAutoConfiguration:
      Did not match:
         - @ConditionalOnClass did not find required class 'org.springframework.ldap.core.ContextSource' (OnClassCondition)

   LdapRepositoriesAutoConfiguration:
      Did not match:
         - @ConditionalOnClass did not find required class 'org.springframework.data.ldap.repository.LdapRepository' (OnClassCondition)

   LiquibaseAutoConfiguration:
      Did not match:
         - @ConditionalOnClass did not find required class 'liquibase.change.DatabaseChange' (OnClassCondition)

   LocalDevToolsAutoConfiguration:
      Did not match:
         - Initialized Restarter Condition initialized without URLs (OnInitializedRestarterCondition)

   MailSenderAutoConfiguration:
      Did not match:
         - @ConditionalOnClass did not find required class 'jakarta.mail.internet.MimeMessage' (OnClassCondition)

   MailSenderValidatorAutoConfiguration:
      Did not match:
         - @ConditionalOnSingleCandidate did not find required type 'org.springframework.mail.javamail.JavaMailSenderImpl' (OnBeanCondition)

   MessageSourceAutoConfiguration:
      Did not match:
         - ResourceBundle did not find bundle with basename messages (MessageSourceAutoConfiguration.ResourceBundleCondition)

   MongoAutoConfiguration:
      Did not match:
         - @ConditionalOnClass did not find required class 'com.mongodb.client.MongoClient' (OnClassCondition)

   MongoDataAutoConfiguration:
      Did not match:
         - @ConditionalOnClass did not find required class 'com.mongodb.client.MongoClient' (OnClassCondition)

   MongoReactiveAutoConfiguration:
      Did not match:
         - @ConditionalOnClass did not find required class 'com.mongodb.reactivestreams.client.MongoClient' (OnClassCondition)

   MongoReactiveDataAutoConfiguration:
      Did not match:
         - @ConditionalOnClass did not find required class 'com.mongodb.reactivestreams.client.MongoClient' (OnClassCondition)

   MongoReactiveRepositoriesAutoConfiguration:
      Did not match:
         - @ConditionalOnClass did not find required class 'com.mongodb.reactivestreams.client.MongoClient' (OnClassCondition)

   MongoRepositoriesAutoConfiguration:
      Did not match:
         - @ConditionalOnClass did not find required class 'com.mongodb.client.MongoClient' (OnClassCondition)

   MultipartAutoConfiguration:
      Did not match:
         - @ConditionalOnClass did not find required class 'jakarta.servlet.MultipartConfigElement' (OnClassCondition)

   MustacheAutoConfiguration:
      Did not match:
         - @ConditionalOnClass did not find required class 'com.samskivert.mustache.Mustache' (OnClassCondition)

   Neo4jAutoConfiguration:
      Did not match:
         - @ConditionalOnClass did not find required class 'org.neo4j.driver.Driver' (OnClassCondition)

   Neo4jDataAutoConfiguration:
      Did not match:
         - @ConditionalOnClass did not find required class 'org.neo4j.driver.Driver' (OnClassCondition)

   Neo4jReactiveDataAutoConfiguration:
      Did not match:
         - @ConditionalOnClass did not find required class 'org.neo4j.driver.Driver' (OnClassCondition)

   Neo4jReactiveRepositoriesAutoConfiguration:
      Did not match:
         - @ConditionalOnClass did not find required class 'org.neo4j.driver.Driver' (OnClassCondition)

   Neo4jRepositoriesAutoConfiguration:
      Did not match:
         - @ConditionalOnClass did not find required class 'org.neo4j.driver.Driver' (OnClassCondition)

   OAuth2AuthorizationServerAutoConfiguration:
      Did not match:
         - @ConditionalOnClass did not find required class 'org.springframework.security.oauth2.server.authorization.OAuth2Authorization' (OnClassCondition)

   OAuth2AuthorizationServerJwtAutoConfiguration:
      Did not match:
         - @ConditionalOnClass did not find required class 'org.springframework.security.oauth2.server.authorization.OAuth2Authorization' (OnClassCondition)

   OAuth2ClientAutoConfiguration:
      Did not match:
         - @ConditionalOnClass did not find required class 'org.springframework.security.config.annotation.web.configuration.EnableWebSecurity' (OnClassCondition)

   OAuth2ResourceServerAutoConfiguration:
      Did not match:
         - @ConditionalOnClass did not find required class 'org.springframework.security.oauth2.server.resource.authentication.BearerTokenAuthenticationToken' (OnClassCondition)

   PersistenceExceptionTranslationAutoConfiguration:
      Did not match:
         - @ConditionalOnClass did not find required class 'org.springframework.dao.annotation.PersistenceExceptionTranslationPostProcessor' (OnClassCondition)

   ProjectInfoAutoConfiguration#buildProperties:
      Did not match:
         - @ConditionalOnResource did not find resource '${spring.info.build.location:classpath:META-INF/build-info.properties}' (OnResourceCondition)

   ProjectInfoAutoConfiguration#gitProperties:
      Did not match:
         - GitResource did not find git info at classpath:git.properties (ProjectInfoAutoConfiguration.GitResourceAvailableCondition)

   PulsarAutoConfiguration:
      Did not match:
         - @ConditionalOnClass did not find required class 'org.apache.pulsar.client.api.PulsarClient' (OnClassCondition)

   PulsarReactiveAutoConfiguration:
      Did not match:
         - @ConditionalOnClass did not find required class 'org.apache.pulsar.client.api.PulsarClient' (OnClassCondition)

   QuartzAutoConfiguration:
      Did not match:
         - @ConditionalOnClass did not find required class 'org.quartz.Scheduler' (OnClassCondition)

   R2dbcAutoConfiguration:
      Did not match:
         - @ConditionalOnClass did not find required class 'io.r2dbc.spi.ConnectionFactory' (OnClassCondition)

   R2dbcDataAutoConfiguration:
      Did not match:
         - @ConditionalOnClass did not find required class 'org.springframework.data.r2dbc.core.R2dbcEntityTemplate' (OnClassCondition)

   R2dbcInitializationConfiguration:
      Did not match:
         - @ConditionalOnClass did not find required classes 'io.r2dbc.spi.ConnectionFactory', 'org.springframework.r2dbc.connection.init.DatabasePopulator' (OnClassCondition)

   R2dbcRepositoriesAutoConfiguration:
      Did not match:
         - @ConditionalOnClass did not find required class 'io.r2dbc.spi.ConnectionFactory' (OnClassCondition)

   R2dbcTransactionManagerAutoConfiguration:
      Did not match:
         - @ConditionalOnClass did not find required class 'org.springframework.r2dbc.connection.R2dbcTransactionManager' (OnClassCondition)

   RSocketGraphQlClientAutoConfiguration:
      Did not match:
         - @ConditionalOnClass did not find required class 'graphql.GraphQL' (OnClassCondition)

   RSocketMessagingAutoConfiguration:
      Did not match:
         - @ConditionalOnClass did not find required class 'io.rsocket.RSocket' (OnClassCondition)

   RSocketRequesterAutoConfiguration:
      Did not match:
         - @ConditionalOnClass did not find required class 'io.rsocket.RSocket' (OnClassCondition)

   RSocketSecurityAutoConfiguration:
      Did not match:
         - @ConditionalOnClass did not find required class 'org.springframework.security.rsocket.core.SecuritySocketAcceptorInterceptor' (OnClassCondition)

   RSocketServerAutoConfiguration:
      Did not match:
         - @ConditionalOnClass did not find required class 'io.rsocket.core.RSocketServer' (OnClassCondition)

   RSocketStrategiesAutoConfiguration:
      Did not match:
         - @ConditionalOnClass did not find required class 'io.rsocket.RSocket' (OnClassCondition)

   RabbitAutoConfiguration:
      Did not match:
         - @ConditionalOnClass did not find required class 'com.rabbitmq.client.Channel' (OnClassCondition)

   ReactiveElasticsearchClientAutoConfiguration:
      Did not match:
         - @ConditionalOnClass did not find required class 'co.elastic.clients.transport.ElasticsearchTransport' (OnClassCondition)

   ReactiveElasticsearchRepositoriesAutoConfiguration:
      Did not match:
         - @ConditionalOnClass did not find required class 'reactor.core.publisher.Mono' (OnClassCondition)

   ReactiveMultipartAutoConfiguration:
      Did not match:
         - @ConditionalOnClass did not find required class 'org.springframework.http.codec.multipart.DefaultPartHttpMessageReader' (OnClassCondition)

   ReactiveOAuth2ClientAutoConfiguration:
      Did not match:
         - @ConditionalOnClass did not find required class 'reactor.core.publisher.Flux' (OnClassCondition)

   ReactiveOAuth2ResourceServerAutoConfiguration:
      Did not match:
         - @ConditionalOnClass did not find required class 'org.springframework.security.config.annotation.web.reactive.EnableWebFluxSecurity' (OnClassCondition)

   ReactiveSecurityAutoConfiguration:
      Did not match:
         - @ConditionalOnClass did not find required class 'reactor.core.publisher.Flux' (OnClassCondition)

   ReactiveUserDetailsServiceAutoConfiguration:
      Did not match:
         - @ConditionalOnClass did not find required class 'org.springframework.security.authentication.ReactiveAuthenticationManager' (OnClassCondition)

   ReactiveWebServerFactoryAutoConfiguration:
      Did not match:
         - @ConditionalOnClass did not find required class 'org.springframework.http.ReactiveHttpInputMessage' (OnClassCondition)

   ReactorAutoConfiguration:
      Did not match:
         - @ConditionalOnClass did not find required class 'reactor.core.publisher.Hooks' (OnClassCondition)

   RedisAutoConfiguration:
      Did not match:
         - @ConditionalOnClass did not find required class 'org.springframework.data.redis.core.RedisOperations' (OnClassCondition)

   RedisCacheConfiguration:
      Did not match:
         - @ConditionalOnClass did not find required class 'org.springframework.data.redis.connection.RedisConnectionFactory' (OnClassCondition)

   RedisReactiveAutoConfiguration:
      Did not match:
         - @ConditionalOnClass did not find required class 'reactor.core.publisher.Flux' (OnClassCondition)

   RedisRepositoriesAutoConfiguration:
      Did not match:
         - @ConditionalOnClass did not find required class 'org.springframework.data.redis.repository.configuration.EnableRedisRepositories' (OnClassCondition)

   RemoteDevToolsAutoConfiguration:
      Did not match:
         - @ConditionalOnClass did not find required class 'jakarta.servlet.Filter' (OnClassCondition)

   RepositoryRestMvcAutoConfiguration:
      Did not match:
         - @ConditionalOnClass did not find required class 'org.springframework.data.rest.webmvc.config.RepositoryRestMvcConfiguration' (OnClassCondition)

   RestClientAutoConfiguration:
      Did not match:
         - @ConditionalOnClass did not find required class 'org.springframework.web.client.RestClient' (OnClassCondition)

   RestTemplateAutoConfiguration:
      Did not match:
         - @ConditionalOnClass did not find required class 'org.springframework.web.client.RestTemplate' (OnClassCondition)

   Saml2RelyingPartyAutoConfiguration:
      Did not match:
         - @ConditionalOnClass did not find required class 'org.springframework.security.saml2.provider.service.registration.RelyingPartyRegistrationRepository' (OnClassCondition)

   SecurityAutoConfiguration:
      Did not match:
         - @ConditionalOnClass did not find required class 'org.springframework.security.authentication.DefaultAuthenticationEventPublisher' (OnClassCondition)

   SecurityFilterAutoConfiguration:
      Did not match:
         - @ConditionalOnClass did not find required class 'org.springframework.security.config.http.SessionCreationPolicy' (OnClassCondition)

   SendGridAutoConfiguration:
      Did not match:
         - @ConditionalOnClass did not find required class 'com.sendgrid.SendGrid' (OnClassCondition)

   ServletWebServerFactoryAutoConfiguration:
      Did not match:
         - @ConditionalOnClass did not find required class 'jakarta.servlet.ServletRequest' (OnClassCondition)

   SessionAutoConfiguration:
      Did not match:
         - @ConditionalOnClass did not find required class 'org.springframework.session.Session' (OnClassCondition)

   SpringApplicationAdminJmxAutoConfiguration:
      Did not match:
         - @ConditionalOnProperty (spring.application.admin.enabled=true) did not find property 'enabled' (OnPropertyCondition)

   SpringDataWebAutoConfiguration:
      Did not match:
         - @ConditionalOnClass did not find required class 'org.springframework.data.web.PageableHandlerMethodArgumentResolver' (OnClassCondition)

   TaskExecutorConfigurations.SimpleAsyncTaskExecutorBuilderConfiguration#simpleAsyncTaskExecutorBuilderVirtualThreads:
      Did not match:
         - @ConditionalOnMissingBean (types: org.springframework.boot.task.SimpleAsyncTaskExecutorBuilder; SearchStrategy: all) found beans of type 'org.springframework.boot.task.SimpleAsyncTaskExecutorBuilder' simpleAsyncTaskExecutorBuilder (OnBeanCondition)

   TaskExecutorConfigurations.TaskExecutorConfiguration#applicationTaskExecutorVirtualThreads:
      Did not match:
         - @ConditionalOnThreading did not find VIRTUAL (OnThreadingCondition)

   TaskSchedulingAutoConfiguration#scheduledBeanLazyInitializationExcludeFilter:
      Did not match:
         - @ConditionalOnBean (names: org.springframework.context.annotation.internalScheduledAnnotationProcessor; SearchStrategy: all) did not find any beans named org.springframework.context.annotation.internalScheduledAnnotationProcessor (OnBeanCondition)

   TaskSchedulingConfigurations.SimpleAsyncTaskSchedulerBuilderConfiguration#simpleAsyncTaskSchedulerBuilderVirtualThreads:
      Did not match:
         - @ConditionalOnMissingBean (types: org.springframework.boot.task.SimpleAsyncTaskSchedulerBuilder; SearchStrategy: all) found beans of type 'org.springframework.boot.task.SimpleAsyncTaskSchedulerBuilder' simpleAsyncTaskSchedulerBuilder (OnBeanCondition)

   TaskSchedulingConfigurations.TaskSchedulerConfiguration:
      Did not match:
         - @ConditionalOnBean (names: org.springframework.context.annotation.internalScheduledAnnotationProcessor; SearchStrategy: all) did not find any beans named org.springframework.context.annotation.internalScheduledAnnotationProcessor (OnBeanCondition)

   ThymeleafAutoConfiguration:
      Did not match:
         - @ConditionalOnClass did not find required class 'org.thymeleaf.spring6.SpringTemplateEngine' (OnClassCondition)

   TransactionAutoConfiguration:
      Did not match:
         - @ConditionalOnClass did not find required class 'org.springframework.transaction.PlatformTransactionManager' (OnClassCondition)

   TransactionManagerCustomizationAutoConfiguration:
      Did not match:
         - @ConditionalOnClass did not find required class 'org.springframework.transaction.PlatformTransactionManager' (OnClassCondition)

   UserDetailsServiceAutoConfiguration:
      Did not match:
         - @ConditionalOnClass did not find required class 'org.springframework.security.authentication.AuthenticationManager' (OnClassCondition)

   ValidationAutoConfiguration:
      Did not match:
         - @ConditionalOnClass did not find required class 'jakarta.validation.executable.ExecutableValidator' (OnClassCondition)

   WebClientAutoConfiguration:
      Did not match:
         - @ConditionalOnClass did not find required class 'org.springframework.web.reactive.function.client.WebClient' (OnClassCondition)

   WebFluxAutoConfiguration:
      Did not match:
         - @ConditionalOnClass did not find required class 'org.springframework.web.reactive.config.WebFluxConfigurer' (OnClassCondition)

   WebMvcAutoConfiguration:
      Did not match:
         - @ConditionalOnClass did not find required class 'jakarta.servlet.Servlet' (OnClassCondition)

   WebServiceTemplateAutoConfiguration:
      Did not match:
         - @ConditionalOnClass did not find required class 'org.springframework.oxm.Marshaller' (OnClassCondition)

   WebServicesAutoConfiguration:
      Did not match:
         - @ConditionalOnClass did not find required class 'org.springframework.ws.transport.http.MessageDispatcherServlet' (OnClassCondition)

   WebSessionIdResolverAutoConfiguration:
      Did not match:
         - @ConditionalOnClass did not find required class 'reactor.core.publisher.Mono' (OnClassCondition)

   WebSocketMessagingAutoConfiguration:
      Did not match:
         - @ConditionalOnClass did not find required class 'org.springframework.web.socket.config.annotation.WebSocketMessageBrokerConfigurer' (OnClassCondition)

   WebSocketReactiveAutoConfiguration:
      Did not match:
         - @ConditionalOnClass did not find required class 'jakarta.servlet.Servlet' (OnClassCondition)

   WebSocketServletAutoConfiguration:
      Did not match:
         - @ConditionalOnClass did not find required class 'jakarta.servlet.Servlet' (OnClassCondition)

   XADataSourceAutoConfiguration:
      Did not match:
         - @ConditionalOnClass did not find required class 'jakarta.transaction.TransactionManager' (OnClassCondition)


Exclusions:
-----------

    None


Unconditional classes:
----------------------

    org.springframework.boot.autoconfigure.context.ConfigurationPropertiesAutoConfiguration

    org.springframework.boot.autoconfigure.ssl.SslAutoConfiguration

    org.springframework.boot.autoconfigure.context.LifecycleAutoConfiguration

    org.springframework.boot.autoconfigure.context.PropertyPlaceholderAutoConfiguration

    org.springframework.boot.autoconfigure.availability.ApplicationAvailabilityAutoConfiguration

    org.springframework.boot.autoconfigure.info.ProjectInfoAutoConfiguration



[ INFO ] [2024-10-08 22:59:13,260] [main] c.h.t.s.NettyWebSocketClientTest -Started NettyWebSocketClientTest in 0.326 seconds (process running for 0.815)
[ DEBUG] [2024-10-08 22:59:13,261] [main] o.s.b.a.ApplicationAvailabilityBean -Application availability state LivenessState changed to CORRECT
[ DEBUG] [2024-10-08 22:59:13,262] [main] o.s.b.d.r.Restarter -Creating new Restarter for thread Thread[main,5,main]
[ DEBUG] [2024-10-08 22:59:13,262] [main] o.s.b.a.ApplicationAvailabilityBean -Application availability state ReadinessState changed to ACCEPTING_TRAFFIC
[ DEBUG] [2024-10-08 22:59:13,263] [main] o.s.t.c.cache -Spring test ApplicationContext cache statistics: [DefaultContextCache@3a230001 size = 1, maxSize = 32, parentContextCount = 0, hitCount = 0, missCount = 1, failureCount = 0]
[ DEBUG] [2024-10-08 22:59:13,264] [main] o.s.t.c.cache -Spring test ApplicationContext cache statistics: [DefaultContextCache@3a230001 size = 1, maxSize = 32, parentContextCount = 0, hitCount = 1, missCount = 1, failureCount = 0]
[ DEBUG] [2024-10-08 22:59:13,266] [main] o.s.t.c.s.DirtiesContextBeforeModesTestExecutionListener -Before test method: class [NettyWebSocketClientTest], method [start], class annotated with @DirtiesContext [false] with mode [null], method annotated with @DirtiesContext [false] with mode [null]
[ DEBUG] [2024-10-08 22:59:13,266] [main] o.s.t.c.cache -Spring test ApplicationContext cache statistics: [DefaultContextCache@3a230001 size = 1, maxSize = 32, parentContextCount = 0, hitCount = 2, missCount = 1, failureCount = 0]
[ DEBUG] [2024-10-08 22:59:13,267] [main] o.s.t.c.cache -Spring test ApplicationContext cache statistics: [DefaultContextCache@3a230001 size = 1, maxSize = 32, parentContextCount = 0, hitCount = 3, missCount = 1, failureCount = 0]
[ DEBUG] [2024-10-08 22:59:13,759] [main] o.s.t.c.cache -Spring test ApplicationContext cache statistics: [DefaultContextCache@3a230001 size = 1, maxSize = 32, parentContextCount = 0, hitCount = 4, missCount = 1, failureCount = 0]
[ DEBUG] [2024-10-08 22:59:13,765] [main] i.n.u.i.l.InternalLoggerFactory -Using SLF4J as the default logging framework
[ DEBUG] [2024-10-08 22:59:13,766] [main] i.n.c.MultithreadEventLoopGroup --Dio.netty.eventLoopThreads: 16
[ DEBUG] [2024-10-08 22:59:13,772] [main] i.n.u.i.InternalThreadLocalMap --Dio.netty.threadLocalMap.stringBuilder.initialSize: 1024
[ DEBUG] [2024-10-08 22:59:13,773] [main] i.n.u.i.InternalThreadLocalMap --Dio.netty.threadLocalMap.stringBuilder.maxSize: 4096
[ DEBUG] [2024-10-08 22:59:13,781] [main] i.n.u.i.PlatformDependent0 --Dio.netty.noUnsafe: false
[ DEBUG] [2024-10-08 22:59:13,781] [main] i.n.u.i.PlatformDependent0 -Java version: 17
[ DEBUG] [2024-10-08 22:59:13,781] [main] i.n.u.i.PlatformDependent0 -sun.misc.Unsafe.theUnsafe: available
[ DEBUG] [2024-10-08 22:59:13,781] [main] i.n.u.i.PlatformDependent0 -sun.misc.Unsafe.copyMemory: available
[ DEBUG] [2024-10-08 22:59:13,781] [main] i.n.u.i.PlatformDependent0 -sun.misc.Unsafe.storeFence: available
[ DEBUG] [2024-10-08 22:59:13,782] [main] i.n.u.i.PlatformDependent0 -java.nio.Buffer.address: available
[ DEBUG] [2024-10-08 22:59:13,782] [main] i.n.u.i.PlatformDependent0 -direct buffer constructor: unavailable: Reflective setAccessible(true) disabled
[ DEBUG] [2024-10-08 22:59:13,782] [main] i.n.u.i.PlatformDependent0 -java.nio.Bits.unaligned: available, true
[ DEBUG] [2024-10-08 22:59:13,782] [main] i.n.u.i.PlatformDependent0 -jdk.internal.misc.Unsafe.allocateUninitializedArray(int): unavailable: class io.netty.util.internal.PlatformDependent0$7 cannot access class jdk.internal.misc.Unsafe (in module java.base) because module java.base does not export jdk.internal.misc to unnamed module @5fe5c6f
[ DEBUG] [2024-10-08 22:59:13,783] [main] i.n.u.i.PlatformDependent0 -java.nio.DirectByteBuffer.<init>(long, int): unavailable
[ DEBUG] [2024-10-08 22:59:13,783] [main] i.n.u.i.PlatformDependent -sun.misc.Unsafe: available
[ DEBUG] [2024-10-08 22:59:13,784] [main] i.n.u.i.PlatformDependent -maxDirectMemory: 4294967296 bytes (maybe)
[ DEBUG] [2024-10-08 22:59:13,784] [main] i.n.u.i.PlatformDependent --Dio.netty.tmpdir: /var/folders/06/k8jxbdy12wndy698bsczp9c80000gn/T (java.io.tmpdir)
[ DEBUG] [2024-10-08 22:59:13,784] [main] i.n.u.i.PlatformDependent --Dio.netty.bitMode: 64 (sun.arch.data.model)
[ DEBUG] [2024-10-08 22:59:13,784] [main] i.n.u.i.PlatformDependent -Platform: MacOS
[ DEBUG] [2024-10-08 22:59:13,784] [main] i.n.u.i.PlatformDependent --Dio.netty.maxDirectMemory: -1 bytes
[ DEBUG] [2024-10-08 22:59:13,784] [main] i.n.u.i.PlatformDependent --Dio.netty.uninitializedArrayAllocationThreshold: -1
[ DEBUG] [2024-10-08 22:59:13,784] [main] i.n.u.i.CleanerJava9 -java.nio.ByteBuffer.cleaner(): available
[ DEBUG] [2024-10-08 22:59:13,784] [main] i.n.u.i.PlatformDependent --Dio.netty.noPreferDirect: false
[ DEBUG] [2024-10-08 22:59:13,785] [main] i.n.c.n.NioEventLoop --Dio.netty.noKeySetOptimization: false
[ DEBUG] [2024-10-08 22:59:13,785] [main] i.n.c.n.NioEventLoop --Dio.netty.selectorAutoRebuildThreshold: 512
[ DEBUG] [2024-10-08 22:59:13,787] [main] i.n.u.i.PlatformDependent -org.jctools-core.MpscChunkedArrayQueue: available
[ DEBUG] [2024-10-08 22:59:13,803] [main] i.n.h.s.OpenSsl -netty-tcnative not in the classpath; OpenSslEngine will be unavailable.
[ DEBUG] [2024-10-08 22:59:13,899] [main] i.n.h.s.JdkSslContext -Default protocols (JDK): [TLSv1.3, TLSv1.2] 
[ DEBUG] [2024-10-08 22:59:13,899] [main] i.n.h.s.JdkSslContext -Default cipher suites (JDK): [TLS_ECDHE_ECDSA_WITH_AES_256_GCM_SHA384, TLS_ECDHE_ECDSA_WITH_AES_128_GCM_SHA256, TLS_ECDHE_RSA_WITH_AES_128_GCM_SHA256, TLS_ECDHE_RSA_WITH_AES_256_GCM_SHA384, TLS_ECDHE_RSA_WITH_AES_128_CBC_SHA, TLS_ECDHE_RSA_WITH_AES_256_CBC_SHA, TLS_RSA_WITH_AES_128_GCM_SHA256, TLS_RSA_WITH_AES_128_CBC_SHA, TLS_RSA_WITH_AES_256_CBC_SHA, TLS_AES_128_GCM_SHA256, TLS_AES_256_GCM_SHA384]
[ DEBUG] [2024-10-08 22:59:13,916] [main] i.n.c.DefaultChannelId --Dio.netty.processId: 9685 (auto-detected)
[ DEBUG] [2024-10-08 22:59:13,917] [main] i.n.u.NetUtil --Djava.net.preferIPv4Stack: false
[ DEBUG] [2024-10-08 22:59:13,917] [main] i.n.u.NetUtil --Djava.net.preferIPv6Addresses: false
[ DEBUG] [2024-10-08 22:59:13,921] [main] i.n.u.NetUtilInitializations -Loopback interface: lo0 (lo0, 0:0:0:0:0:0:0:1%lo0)
[ DEBUG] [2024-10-08 22:59:13,921] [main] i.n.u.NetUtil -Failed to get SOMAXCONN from sysctl and file /proc/sys/net/core/somaxconn. Default: 128
[ DEBUG] [2024-10-08 22:59:13,923] [main] i.n.c.DefaultChannelId --Dio.netty.machineId: ba:cc:07:ff:fe:9a:a4:79 (auto-detected)
[ DEBUG] [2024-10-08 22:59:13,927] [main] i.n.u.ResourceLeakDetector --Dio.netty.leakDetection.level: simple
[ DEBUG] [2024-10-08 22:59:13,927] [main] i.n.u.ResourceLeakDetector --Dio.netty.leakDetection.targetRecords: 4
[ DEBUG] [2024-10-08 22:59:13,936] [main] i.n.b.PooledByteBufAllocator --Dio.netty.allocator.numHeapArenas: 16
[ DEBUG] [2024-10-08 22:59:13,936] [main] i.n.b.PooledByteBufAllocator --Dio.netty.allocator.numDirectArenas: 16
[ DEBUG] [2024-10-08 22:59:13,936] [main] i.n.b.PooledByteBufAllocator --Dio.netty.allocator.pageSize: 8192
[ DEBUG] [2024-10-08 22:59:13,936] [main] i.n.b.PooledByteBufAllocator --Dio.netty.allocator.maxOrder: 9
[ DEBUG] [2024-10-08 22:59:13,936] [main] i.n.b.PooledByteBufAllocator --Dio.netty.allocator.chunkSize: 4194304
[ DEBUG] [2024-10-08 22:59:13,936] [main] i.n.b.PooledByteBufAllocator --Dio.netty.allocator.smallCacheSize: 256
[ DEBUG] [2024-10-08 22:59:13,936] [main] i.n.b.PooledByteBufAllocator --Dio.netty.allocator.normalCacheSize: 64
[ DEBUG] [2024-10-08 22:59:13,936] [main] i.n.b.PooledByteBufAllocator --Dio.netty.allocator.maxCachedBufferCapacity: 32768
[ DEBUG] [2024-10-08 22:59:13,936] [main] i.n.b.PooledByteBufAllocator --Dio.netty.allocator.cacheTrimInterval: 8192
[ DEBUG] [2024-10-08 22:59:13,936] [main] i.n.b.PooledByteBufAllocator --Dio.netty.allocator.cacheTrimIntervalMillis: 0
[ DEBUG] [2024-10-08 22:59:13,936] [main] i.n.b.PooledByteBufAllocator --Dio.netty.allocator.useCacheForAllThreads: false
[ DEBUG] [2024-10-08 22:59:13,936] [main] i.n.b.PooledByteBufAllocator --Dio.netty.allocator.maxCachedByteBuffersPerChunk: 1023
[ DEBUG] [2024-10-08 22:59:13,940] [main] i.n.b.ByteBufUtil --Dio.netty.allocator.type: pooled
[ DEBUG] [2024-10-08 22:59:13,940] [main] i.n.b.ByteBufUtil --Dio.netty.threadLocalDirectBufferSize: 0
[ DEBUG] [2024-10-08 22:59:13,940] [main] i.n.b.ByteBufUtil --Dio.netty.maxThreadLocalCharBufferSize: 16384
[ WARN ] [2024-10-08 22:59:13,947] [nioEventLoopGroup-2-1] i.n.c.ChannelInitializer -Failed to initialize a channel. Closing: [id: 0x51e795d9]
java.lang.NullPointerException: Cannot invoke "java.lang.Integer.intValue()" because "this.this$0.idleTimeSeconds" is null
	at com.helei.tradedatacenter.netty.base.AbstractNettyClient$1.initChannel(AbstractNettyClient.java:83)
	at com.helei.tradedatacenter.netty.base.AbstractNettyClient$1.initChannel(AbstractNettyClient.java:80)
	at io.netty.channel.ChannelInitializer.initChannel(ChannelInitializer.java:129)
	at io.netty.channel.ChannelInitializer.handlerAdded(ChannelInitializer.java:112)
	at io.netty.channel.AbstractChannelHandlerContext.callHandlerAdded(AbstractChannelHandlerContext.java:938)
	at io.netty.channel.DefaultChannelPipeline.callHandlerAdded0(DefaultChannelPipeline.java:609)
	at io.netty.channel.DefaultChannelPipeline.access$100(DefaultChannelPipeline.java:46)
	at io.netty.channel.DefaultChannelPipeline$PendingHandlerAddedTask.execute(DefaultChannelPipeline.java:1463)
	at io.netty.channel.DefaultChannelPipeline.callHandlerAddedForAllHandlers(DefaultChannelPipeline.java:1115)
	at io.netty.channel.DefaultChannelPipeline.invokeHandlerAddedIfNeeded(DefaultChannelPipeline.java:650)
	at io.netty.channel.AbstractChannel$AbstractUnsafe.register0(AbstractChannel.java:514)
	at io.netty.channel.AbstractChannel$AbstractUnsafe.access$200(AbstractChannel.java:429)
	at io.netty.channel.AbstractChannel$AbstractUnsafe$1.run(AbstractChannel.java:486)
	at io.netty.util.concurrent.AbstractEventExecutor.runTask(AbstractEventExecutor.java:174)
	at io.netty.util.concurrent.AbstractEventExecutor.safeExecute(AbstractEventExecutor.java:167)
	at io.netty.util.concurrent.SingleThreadEventExecutor.runAllTasks(SingleThreadEventExecutor.java:470)
	at io.netty.channel.nio.NioEventLoop.run(NioEventLoop.java:569)
	at io.netty.util.concurrent.SingleThreadEventExecutor$4.run(SingleThreadEventExecutor.java:997)
	at io.netty.util.internal.ThreadExecutorMap$2.run(ThreadExecutorMap.java:74)
	at io.netty.util.concurrent.FastThreadLocalRunnable.run(FastThreadLocalRunnable.java:30)
	at java.base/java.lang.Thread.run(Thread.java:833)
[ DEBUG] [2024-10-08 22:59:13,971] [main] o.s.t.c.cache -Spring test ApplicationContext cache statistics: [DefaultContextCache@3a230001 size = 1, maxSize = 32, parentContextCount = 0, hitCount = 5, missCount = 1, failureCount = 0]
[ DEBUG] [2024-10-08 22:59:13,971] [main] o.s.t.c.cache -Spring test ApplicationContext cache statistics: [DefaultContextCache@3a230001 size = 1, maxSize = 32, parentContextCount = 0, hitCount = 6, missCount = 1, failureCount = 0]
[ DEBUG] [2024-10-08 22:59:13,971] [main] o.s.t.c.cache -Spring test ApplicationContext cache statistics: [DefaultContextCache@3a230001 size = 1, maxSize = 32, parentContextCount = 0, hitCount = 7, missCount = 1, failureCount = 0]
[ DEBUG] [2024-10-08 22:59:13,972] [main] o.s.t.c.cache -Spring test ApplicationContext cache statistics: [DefaultContextCache@3a230001 size = 1, maxSize = 32, parentContextCount = 0, hitCount = 8, missCount = 1, failureCount = 0]
[ DEBUG] [2024-10-08 22:59:13,973] [main] o.s.t.c.cache -Spring test ApplicationContext cache statistics: [DefaultContextCache@3a230001 size = 1, maxSize = 32, parentContextCount = 0, hitCount = 9, missCount = 1, failureCount = 0]
[ DEBUG] [2024-10-08 22:59:13,973] [main] o.s.t.c.cache -Spring test ApplicationContext cache statistics: [DefaultContextCache@3a230001 size = 1, maxSize = 32, parentContextCount = 0, hitCount = 10, missCount = 1, failureCount = 0]
[ DEBUG] [2024-10-08 22:59:13,974] [main] o.s.t.c.s.DirtiesContextTestExecutionListener -After test method: class [NettyWebSocketClientTest], method [start], class annotated with @DirtiesContext [false] with mode [null], method annotated with @DirtiesContext [false] with mode [null]
[ DEBUG] [2024-10-08 22:59:13,976] [main] o.s.t.c.cache -Spring test ApplicationContext cache statistics: [DefaultContextCache@3a230001 size = 1, maxSize = 32, parentContextCount = 0, hitCount = 11, missCount = 1, failureCount = 0]
[ DEBUG] [2024-10-08 22:59:13,977] [main] o.s.t.c.s.DirtiesContextTestExecutionListener -After test class: class [NettyWebSocketClientTest], class annotated with @DirtiesContext [false] with mode [null]
[ DEBUG] [2024-10-08 22:59:13,978] [SpringApplicationShutdownHook] o.s.c.a.AnnotationConfigApplicationContext -Closing org.springframework.context.annotation.AnnotationConfigApplicationContext@2c282004, started on Tue Oct 08 22:59:13 CST 2024
[ DEBUG] [2024-10-08 22:59:13,979] [SpringApplicationShutdownHook] o.s.c.s.DefaultLifecycleProcessor -Stopping beans in phase 2147483647
[ DEBUG] [2024-10-08 22:59:13,979] [SpringApplicationShutdownHook] o.s.c.s.DefaultLifecycleProcessor -Bean 'applicationTaskExecutor' completed its stop procedure
[ DEBUG] [2024-10-08 22:59:13,979] [SpringApplicationShutdownHook] o.s.c.s.DefaultLifecycleProcessor -Stopping beans in phase -2147483647
[ DEBUG] [2024-10-08 22:59:13,979] [SpringApplicationShutdownHook] o.s.c.s.DefaultLifecycleProcessor -Bean 'springBootLoggingLifecycle' completed its stop procedure
[ DEBUG] [2024-10-08 22:59:13,980] [SpringApplicationShutdownHook] o.s.s.c.ThreadPoolTaskExecutor -Shutting down ExecutorService 'applicationTaskExecutor'
