[ WARN ] [2024-10-10 00:06:22,014] [main] i.n.b.Bootstrap -Unknown channel option 'SO_BROADCAST' for channel '[id: 0x805486b2]'
[ ERROR] [2024-10-10 00:06:22,126] [nioEventLoopGroup-2-1] c.h.t.n.b.AbstractWebSocketClientHandler -业务处理错误，websocket client关闭
io.netty.handler.proxy.ProxyConnectException: socks5, none, /127.0.0.1:7890 => ws-api.binance.com/31.13.87.34:443, io.netty.handler.codec.EncoderException: java.lang.IllegalStateException: unexpected message type: PooledUnsafeDirectByteBuf, state: 0
	at io.netty.handler.proxy.ProxyHandler.setConnectFailure(ProxyHandler.java:341)
	at io.netty.handler.proxy.ProxyHandler.access$100(ProxyHandler.java:38)
	at io.netty.handler.proxy.ProxyHandler$1.operationComplete(ProxyHandler.java:67)
	at io.netty.handler.proxy.ProxyHandler$1.operationComplete(ProxyHandler.java:63)
	at io.netty.util.concurrent.DefaultPromise.notifyListener0(DefaultPromise.java:578)
	at io.netty.util.concurrent.DefaultPromise.notifyListenersNow(DefaultPromise.java:552)
	at io.netty.util.concurrent.DefaultPromise.notifyListeners(DefaultPromise.java:491)
	at io.netty.util.concurrent.DefaultPromise.addListener(DefaultPromise.java:184)
	at io.netty.channel.DefaultChannelPromise.addListener(DefaultChannelPromise.java:95)
	at io.netty.channel.DefaultChannelPromise.addListener(DefaultChannelPromise.java:30)
	at io.netty.handler.proxy.ProxyHandler.sendToProxyServer(ProxyHandler.java:224)
	at io.netty.handler.proxy.ProxyHandler.sendInitialMessage(ProxyHandler.java:206)
	at io.netty.handler.proxy.ProxyHandler.channelActive(ProxyHandler.java:183)
	at io.netty.channel.AbstractChannelHandlerContext.invokeChannelActive(AbstractChannelHandlerContext.java:230)
	at io.netty.channel.AbstractChannelHandlerContext.invokeChannelActive(AbstractChannelHandlerContext.java:216)
	at io.netty.channel.AbstractChannelHandlerContext.fireChannelActive(AbstractChannelHandlerContext.java:209)
	at io.netty.channel.CombinedChannelDuplexHandler$DelegatingChannelHandlerContext.fireChannelActive(CombinedChannelDuplexHandler.java:412)
	at io.netty.channel.ChannelInboundHandlerAdapter.channelActive(ChannelInboundHandlerAdapter.java:69)
	at io.netty.channel.CombinedChannelDuplexHandler.channelActive(CombinedChannelDuplexHandler.java:211)
	at io.netty.channel.AbstractChannelHandlerContext.invokeChannelActive(AbstractChannelHandlerContext.java:230)
	at io.netty.channel.AbstractChannelHandlerContext.invokeChannelActive(AbstractChannelHandlerContext.java:216)
	at io.netty.channel.AbstractChannelHandlerContext.fireChannelActive(AbstractChannelHandlerContext.java:209)
	at io.netty.handler.ssl.SslHandler.channelActive(SslHandler.java:2156)
	at io.netty.channel.AbstractChannelHandlerContext.invokeChannelActive(AbstractChannelHandlerContext.java:230)
	at io.netty.channel.AbstractChannelHandlerContext.invokeChannelActive(AbstractChannelHandlerContext.java:216)
	at io.netty.channel.AbstractChannelHandlerContext.fireChannelActive(AbstractChannelHandlerContext.java:209)
	at io.netty.channel.DefaultChannelPipeline$HeadContext.channelActive(DefaultChannelPipeline.java:1398)
	at io.netty.channel.AbstractChannelHandlerContext.invokeChannelActive(AbstractChannelHandlerContext.java:230)
	at io.netty.channel.AbstractChannelHandlerContext.invokeChannelActive(AbstractChannelHandlerContext.java:216)
	at io.netty.channel.DefaultChannelPipeline.fireChannelActive(DefaultChannelPipeline.java:895)
	at io.netty.channel.nio.AbstractNioChannel$AbstractNioUnsafe.fulfillConnectPromise(AbstractNioChannel.java:305)
	at io.netty.channel.nio.AbstractNioChannel$AbstractNioUnsafe.finishConnect(AbstractNioChannel.java:335)
	at io.netty.channel.nio.NioEventLoop.processSelectedKey(NioEventLoop.java:776)
	at io.netty.channel.nio.NioEventLoop.processSelectedKeysOptimized(NioEventLoop.java:724)
	at io.netty.channel.nio.NioEventLoop.processSelectedKeys(NioEventLoop.java:650)
	at io.netty.channel.nio.NioEventLoop.run(NioEventLoop.java:562)
	at io.netty.util.concurrent.SingleThreadEventExecutor$4.run(SingleThreadEventExecutor.java:997)
	at io.netty.util.internal.ThreadExecutorMap$2.run(ThreadExecutorMap.java:74)
	at io.netty.util.concurrent.FastThreadLocalRunnable.run(FastThreadLocalRunnable.java:30)
	at java.base/java.lang.Thread.run(Thread.java:833)
Caused by: io.netty.handler.codec.EncoderException: java.lang.IllegalStateException: unexpected message type: PooledUnsafeDirectByteBuf, state: 0
	at io.netty.handler.codec.http.HttpObjectEncoder.write(HttpObjectEncoder.java:108)
	at io.netty.channel.CombinedChannelDuplexHandler.write(CombinedChannelDuplexHandler.java:346)
	at io.netty.channel.AbstractChannelHandlerContext.invokeWrite0(AbstractChannelHandlerContext.java:717)
	at io.netty.channel.AbstractChannelHandlerContext.invokeWrite(AbstractChannelHandlerContext.java:709)
	at io.netty.channel.AbstractChannelHandlerContext.write(AbstractChannelHandlerContext.java:792)
	at io.netty.channel.AbstractChannelHandlerContext.write(AbstractChannelHandlerContext.java:702)
	at io.netty.handler.stream.ChunkedWriteHandler.doFlush(ChunkedWriteHandler.java:302)
	at io.netty.handler.stream.ChunkedWriteHandler.flush(ChunkedWriteHandler.java:131)
	at io.netty.channel.AbstractChannelHandlerContext.invokeFlush0(AbstractChannelHandlerContext.java:750)
	at io.netty.channel.AbstractChannelHandlerContext.invokeFlush(AbstractChannelHandlerContext.java:742)
	at io.netty.channel.AbstractChannelHandlerContext.flush(AbstractChannelHandlerContext.java:728)
	at io.netty.channel.ChannelOutboundHandlerAdapter.flush(ChannelOutboundHandlerAdapter.java:125)
	at io.netty.channel.AbstractChannelHandlerContext.invokeFlush0(AbstractChannelHandlerContext.java:750)
	at io.netty.channel.AbstractChannelHandlerContext.invokeWriteAndFlush(AbstractChannelHandlerContext.java:765)
	at io.netty.channel.AbstractChannelHandlerContext.write(AbstractChannelHandlerContext.java:790)
	at io.netty.channel.AbstractChannelHandlerContext.writeAndFlush(AbstractChannelHandlerContext.java:758)
	at io.netty.channel.AbstractChannelHandlerContext.writeAndFlush(AbstractChannelHandlerContext.java:808)
	... 30 common frames omitted
Caused by: java.lang.IllegalStateException: unexpected message type: PooledUnsafeDirectByteBuf, state: 0
	at io.netty.handler.codec.http.HttpObjectEncoder.throwUnexpectedMessageTypeEx(HttpObjectEncoder.java:348)
	at io.netty.handler.codec.http.HttpObjectEncoder.encodeNotHttpMessageContentTypes(HttpObjectEncoder.java:267)
	at io.netty.handler.codec.http.HttpObjectEncoder.encode(HttpObjectEncoder.java:181)
	at io.netty.handler.codec.http.HttpClientCodec$Encoder.encode(HttpClientCodec.java:203)
	at io.netty.handler.codec.http.HttpObjectEncoder.write(HttpObjectEncoder.java:97)
	... 46 common frames omitted
[ WARN ] [2024-10-10 00:07:13,250] [main] i.n.b.Bootstrap -Unknown channel option 'SO_BROADCAST' for channel '[id: 0x9cd57485]'
[ ERROR] [2024-10-10 00:07:13,328] [nioEventLoopGroup-2-1] c.h.t.n.b.AbstractWebSocketClientHandler -业务处理错误，websocket client关闭
io.netty.handler.proxy.ProxyConnectException: socks5, none, /127.0.0.1:7890 => ws-api.binance.com/31.13.87.34:443, io.netty.handler.codec.EncoderException: java.lang.IllegalStateException: unexpected message type: PooledUnsafeDirectByteBuf, state: 0
	at io.netty.handler.proxy.ProxyHandler.setConnectFailure(ProxyHandler.java:341)
	at io.netty.handler.proxy.ProxyHandler.access$100(ProxyHandler.java:38)
	at io.netty.handler.proxy.ProxyHandler$1.operationComplete(ProxyHandler.java:67)
	at io.netty.handler.proxy.ProxyHandler$1.operationComplete(ProxyHandler.java:63)
	at io.netty.util.concurrent.DefaultPromise.notifyListener0(DefaultPromise.java:578)
	at io.netty.util.concurrent.DefaultPromise.notifyListenersNow(DefaultPromise.java:552)
	at io.netty.util.concurrent.DefaultPromise.notifyListeners(DefaultPromise.java:491)
	at io.netty.util.concurrent.DefaultPromise.addListener(DefaultPromise.java:184)
	at io.netty.channel.DefaultChannelPromise.addListener(DefaultChannelPromise.java:95)
	at io.netty.channel.DefaultChannelPromise.addListener(DefaultChannelPromise.java:30)
	at io.netty.handler.proxy.ProxyHandler.sendToProxyServer(ProxyHandler.java:224)
	at io.netty.handler.proxy.ProxyHandler.sendInitialMessage(ProxyHandler.java:206)
	at io.netty.handler.proxy.ProxyHandler.channelActive(ProxyHandler.java:183)
	at io.netty.channel.AbstractChannelHandlerContext.invokeChannelActive(AbstractChannelHandlerContext.java:230)
	at io.netty.channel.AbstractChannelHandlerContext.invokeChannelActive(AbstractChannelHandlerContext.java:216)
	at io.netty.channel.AbstractChannelHandlerContext.fireChannelActive(AbstractChannelHandlerContext.java:209)
	at io.netty.channel.CombinedChannelDuplexHandler$DelegatingChannelHandlerContext.fireChannelActive(CombinedChannelDuplexHandler.java:412)
	at io.netty.channel.ChannelInboundHandlerAdapter.channelActive(ChannelInboundHandlerAdapter.java:69)
	at io.netty.channel.CombinedChannelDuplexHandler.channelActive(CombinedChannelDuplexHandler.java:211)
	at io.netty.channel.AbstractChannelHandlerContext.invokeChannelActive(AbstractChannelHandlerContext.java:230)
	at io.netty.channel.AbstractChannelHandlerContext.invokeChannelActive(AbstractChannelHandlerContext.java:216)
	at io.netty.channel.AbstractChannelHandlerContext.fireChannelActive(AbstractChannelHandlerContext.java:209)
	at io.netty.handler.ssl.SslHandler.channelActive(SslHandler.java:2156)
	at io.netty.channel.AbstractChannelHandlerContext.invokeChannelActive(AbstractChannelHandlerContext.java:230)
	at io.netty.channel.AbstractChannelHandlerContext.invokeChannelActive(AbstractChannelHandlerContext.java:216)
	at io.netty.channel.AbstractChannelHandlerContext.fireChannelActive(AbstractChannelHandlerContext.java:209)
	at io.netty.channel.DefaultChannelPipeline$HeadContext.channelActive(DefaultChannelPipeline.java:1398)
	at io.netty.channel.AbstractChannelHandlerContext.invokeChannelActive(AbstractChannelHandlerContext.java:230)
	at io.netty.channel.AbstractChannelHandlerContext.invokeChannelActive(AbstractChannelHandlerContext.java:216)
	at io.netty.channel.DefaultChannelPipeline.fireChannelActive(DefaultChannelPipeline.java:895)
	at io.netty.channel.nio.AbstractNioChannel$AbstractNioUnsafe.fulfillConnectPromise(AbstractNioChannel.java:305)
	at io.netty.channel.nio.AbstractNioChannel$AbstractNioUnsafe.finishConnect(AbstractNioChannel.java:335)
	at io.netty.channel.nio.NioEventLoop.processSelectedKey(NioEventLoop.java:776)
	at io.netty.channel.nio.NioEventLoop.processSelectedKeysOptimized(NioEventLoop.java:724)
	at io.netty.channel.nio.NioEventLoop.processSelectedKeys(NioEventLoop.java:650)
	at io.netty.channel.nio.NioEventLoop.run(NioEventLoop.java:562)
	at io.netty.util.concurrent.SingleThreadEventExecutor$4.run(SingleThreadEventExecutor.java:997)
	at io.netty.util.internal.ThreadExecutorMap$2.run(ThreadExecutorMap.java:74)
	at io.netty.util.concurrent.FastThreadLocalRunnable.run(FastThreadLocalRunnable.java:30)
	at java.base/java.lang.Thread.run(Thread.java:833)
Caused by: io.netty.handler.codec.EncoderException: java.lang.IllegalStateException: unexpected message type: PooledUnsafeDirectByteBuf, state: 0
	at io.netty.handler.codec.http.HttpObjectEncoder.write(HttpObjectEncoder.java:108)
	at io.netty.channel.CombinedChannelDuplexHandler.write(CombinedChannelDuplexHandler.java:346)
	at io.netty.channel.AbstractChannelHandlerContext.invokeWrite0(AbstractChannelHandlerContext.java:717)
	at io.netty.channel.AbstractChannelHandlerContext.invokeWrite(AbstractChannelHandlerContext.java:709)
	at io.netty.channel.AbstractChannelHandlerContext.write(AbstractChannelHandlerContext.java:792)
	at io.netty.channel.AbstractChannelHandlerContext.write(AbstractChannelHandlerContext.java:702)
	at io.netty.handler.stream.ChunkedWriteHandler.doFlush(ChunkedWriteHandler.java:302)
	at io.netty.handler.stream.ChunkedWriteHandler.flush(ChunkedWriteHandler.java:131)
	at io.netty.channel.AbstractChannelHandlerContext.invokeFlush0(AbstractChannelHandlerContext.java:750)
	at io.netty.channel.AbstractChannelHandlerContext.invokeFlush(AbstractChannelHandlerContext.java:742)
	at io.netty.channel.AbstractChannelHandlerContext.flush(AbstractChannelHandlerContext.java:728)
	at io.netty.channel.ChannelOutboundHandlerAdapter.flush(ChannelOutboundHandlerAdapter.java:125)
	at io.netty.channel.AbstractChannelHandlerContext.invokeFlush0(AbstractChannelHandlerContext.java:750)
	at io.netty.channel.AbstractChannelHandlerContext.invokeWriteAndFlush(AbstractChannelHandlerContext.java:765)
	at io.netty.channel.AbstractChannelHandlerContext.write(AbstractChannelHandlerContext.java:790)
	at io.netty.channel.AbstractChannelHandlerContext.writeAndFlush(AbstractChannelHandlerContext.java:758)
	at io.netty.channel.AbstractChannelHandlerContext.writeAndFlush(AbstractChannelHandlerContext.java:808)
	... 30 common frames omitted
Caused by: java.lang.IllegalStateException: unexpected message type: PooledUnsafeDirectByteBuf, state: 0
	at io.netty.handler.codec.http.HttpObjectEncoder.throwUnexpectedMessageTypeEx(HttpObjectEncoder.java:348)
	at io.netty.handler.codec.http.HttpObjectEncoder.encodeNotHttpMessageContentTypes(HttpObjectEncoder.java:267)
	at io.netty.handler.codec.http.HttpObjectEncoder.encode(HttpObjectEncoder.java:181)
	at io.netty.handler.codec.http.HttpClientCodec$Encoder.encode(HttpClientCodec.java:203)
	at io.netty.handler.codec.http.HttpObjectEncoder.write(HttpObjectEncoder.java:97)
	... 46 common frames omitted
[ WARN ] [2024-10-10 00:10:00,745] [main] i.n.b.Bootstrap -Unknown channel option 'SO_BROADCAST' for channel '[id: 0x5c8340fe]'
[ ERROR] [2024-10-10 00:10:00,901] [nioEventLoopGroup-2-1] c.h.t.n.b.AbstractWebSocketClientHandler -业务处理错误，websocket client关闭
io.netty.handler.proxy.ProxyConnectException: socks5, none, /127.0.0.1:7890 => ws-api.binance.com/157.240.12.50:443, io.netty.handler.codec.EncoderException: java.lang.IllegalStateException: unexpected message type: PooledUnsafeDirectByteBuf, state: 0
	at io.netty.handler.proxy.ProxyHandler.setConnectFailure(ProxyHandler.java:341)
	at io.netty.handler.proxy.ProxyHandler.access$100(ProxyHandler.java:38)
	at io.netty.handler.proxy.ProxyHandler$1.operationComplete(ProxyHandler.java:67)
	at io.netty.handler.proxy.ProxyHandler$1.operationComplete(ProxyHandler.java:63)
	at io.netty.util.concurrent.DefaultPromise.notifyListener0(DefaultPromise.java:578)
	at io.netty.util.concurrent.DefaultPromise.notifyListenersNow(DefaultPromise.java:552)
	at io.netty.util.concurrent.DefaultPromise.notifyListeners(DefaultPromise.java:491)
	at io.netty.util.concurrent.DefaultPromise.addListener(DefaultPromise.java:184)
	at io.netty.channel.DefaultChannelPromise.addListener(DefaultChannelPromise.java:95)
	at io.netty.channel.DefaultChannelPromise.addListener(DefaultChannelPromise.java:30)
	at io.netty.handler.proxy.ProxyHandler.sendToProxyServer(ProxyHandler.java:224)
	at io.netty.handler.proxy.ProxyHandler.sendInitialMessage(ProxyHandler.java:206)
	at io.netty.handler.proxy.ProxyHandler.channelActive(ProxyHandler.java:183)
	at io.netty.channel.AbstractChannelHandlerContext.invokeChannelActive(AbstractChannelHandlerContext.java:230)
	at io.netty.channel.AbstractChannelHandlerContext.invokeChannelActive(AbstractChannelHandlerContext.java:216)
	at io.netty.channel.AbstractChannelHandlerContext.fireChannelActive(AbstractChannelHandlerContext.java:209)
	at io.netty.channel.CombinedChannelDuplexHandler$DelegatingChannelHandlerContext.fireChannelActive(CombinedChannelDuplexHandler.java:412)
	at io.netty.channel.ChannelInboundHandlerAdapter.channelActive(ChannelInboundHandlerAdapter.java:69)
	at io.netty.channel.CombinedChannelDuplexHandler.channelActive(CombinedChannelDuplexHandler.java:211)
	at io.netty.channel.AbstractChannelHandlerContext.invokeChannelActive(AbstractChannelHandlerContext.java:230)
	at io.netty.channel.AbstractChannelHandlerContext.invokeChannelActive(AbstractChannelHandlerContext.java:216)
	at io.netty.channel.AbstractChannelHandlerContext.fireChannelActive(AbstractChannelHandlerContext.java:209)
	at io.netty.handler.ssl.SslHandler.channelActive(SslHandler.java:2156)
	at io.netty.channel.AbstractChannelHandlerContext.invokeChannelActive(AbstractChannelHandlerContext.java:230)
	at io.netty.channel.AbstractChannelHandlerContext.invokeChannelActive(AbstractChannelHandlerContext.java:216)
	at io.netty.channel.AbstractChannelHandlerContext.fireChannelActive(AbstractChannelHandlerContext.java:209)
	at io.netty.channel.DefaultChannelPipeline$HeadContext.channelActive(DefaultChannelPipeline.java:1398)
	at io.netty.channel.AbstractChannelHandlerContext.invokeChannelActive(AbstractChannelHandlerContext.java:230)
	at io.netty.channel.AbstractChannelHandlerContext.invokeChannelActive(AbstractChannelHandlerContext.java:216)
	at io.netty.channel.DefaultChannelPipeline.fireChannelActive(DefaultChannelPipeline.java:895)
	at io.netty.channel.nio.AbstractNioChannel$AbstractNioUnsafe.fulfillConnectPromise(AbstractNioChannel.java:305)
	at io.netty.channel.nio.AbstractNioChannel$AbstractNioUnsafe.finishConnect(AbstractNioChannel.java:335)
	at io.netty.channel.nio.NioEventLoop.processSelectedKey(NioEventLoop.java:776)
	at io.netty.channel.nio.NioEventLoop.processSelectedKeysOptimized(NioEventLoop.java:724)
	at io.netty.channel.nio.NioEventLoop.processSelectedKeys(NioEventLoop.java:650)
	at io.netty.channel.nio.NioEventLoop.run(NioEventLoop.java:562)
	at io.netty.util.concurrent.SingleThreadEventExecutor$4.run(SingleThreadEventExecutor.java:997)
	at io.netty.util.internal.ThreadExecutorMap$2.run(ThreadExecutorMap.java:74)
	at io.netty.util.concurrent.FastThreadLocalRunnable.run(FastThreadLocalRunnable.java:30)
	at java.base/java.lang.Thread.run(Thread.java:833)
Caused by: io.netty.handler.codec.EncoderException: java.lang.IllegalStateException: unexpected message type: PooledUnsafeDirectByteBuf, state: 0
	at io.netty.handler.codec.http.HttpObjectEncoder.write(HttpObjectEncoder.java:108)
	at io.netty.channel.CombinedChannelDuplexHandler.write(CombinedChannelDuplexHandler.java:346)
	at io.netty.channel.AbstractChannelHandlerContext.invokeWrite0(AbstractChannelHandlerContext.java:717)
	at io.netty.channel.AbstractChannelHandlerContext.invokeWrite(AbstractChannelHandlerContext.java:709)
	at io.netty.channel.AbstractChannelHandlerContext.write(AbstractChannelHandlerContext.java:792)
	at io.netty.channel.AbstractChannelHandlerContext.write(AbstractChannelHandlerContext.java:702)
	at io.netty.handler.stream.ChunkedWriteHandler.doFlush(ChunkedWriteHandler.java:302)
	at io.netty.handler.stream.ChunkedWriteHandler.flush(ChunkedWriteHandler.java:131)
	at io.netty.channel.AbstractChannelHandlerContext.invokeFlush0(AbstractChannelHandlerContext.java:750)
	at io.netty.channel.AbstractChannelHandlerContext.invokeFlush(AbstractChannelHandlerContext.java:742)
	at io.netty.channel.AbstractChannelHandlerContext.flush(AbstractChannelHandlerContext.java:728)
	at io.netty.channel.ChannelOutboundHandlerAdapter.flush(ChannelOutboundHandlerAdapter.java:125)
	at io.netty.channel.AbstractChannelHandlerContext.invokeFlush0(AbstractChannelHandlerContext.java:750)
	at io.netty.channel.AbstractChannelHandlerContext.invokeWriteAndFlush(AbstractChannelHandlerContext.java:765)
	at io.netty.channel.AbstractChannelHandlerContext.write(AbstractChannelHandlerContext.java:790)
	at io.netty.channel.AbstractChannelHandlerContext.writeAndFlush(AbstractChannelHandlerContext.java:758)
	at io.netty.channel.AbstractChannelHandlerContext.writeAndFlush(AbstractChannelHandlerContext.java:808)
	... 30 common frames omitted
Caused by: java.lang.IllegalStateException: unexpected message type: PooledUnsafeDirectByteBuf, state: 0
	at io.netty.handler.codec.http.HttpObjectEncoder.throwUnexpectedMessageTypeEx(HttpObjectEncoder.java:348)
	at io.netty.handler.codec.http.HttpObjectEncoder.encodeNotHttpMessageContentTypes(HttpObjectEncoder.java:267)
	at io.netty.handler.codec.http.HttpObjectEncoder.encode(HttpObjectEncoder.java:181)
	at io.netty.handler.codec.http.HttpClientCodec$Encoder.encode(HttpClientCodec.java:203)
	at io.netty.handler.codec.http.HttpObjectEncoder.write(HttpObjectEncoder.java:97)
	... 46 common frames omitted
[ WARN ] [2024-10-10 00:11:39,202] [main] i.n.b.Bootstrap -Unknown channel option 'SO_BROADCAST' for channel '[id: 0xfd4596f7]'
[ WARN ] [2024-10-10 00:11:39,232] [nioEventLoopGroup-2-1] i.n.c.ChannelInitializer -Failed to initialize a channel. Closing: [id: 0xfd4596f7]
io.netty.channel.ChannelPipelineException: com.helei.tradedatacenter.subscribe.binanceapi.BinanceWSApiClientHandler is not a @Sharable handler, so can't be added or removed multiple times.
	at io.netty.channel.DefaultChannelPipeline.checkMultiplicity(DefaultChannelPipeline.java:600)
	at io.netty.channel.DefaultChannelPipeline.addLast(DefaultChannelPipeline.java:202)
	at io.netty.channel.DefaultChannelPipeline.addLast(DefaultChannelPipeline.java:381)
	at io.netty.channel.DefaultChannelPipeline.addLast(DefaultChannelPipeline.java:370)
	at com.helei.tradedatacenter.netty.base.AbstractWebsocketClient$1.initChannel(AbstractWebsocketClient.java:108)
	at com.helei.tradedatacenter.netty.base.AbstractWebsocketClient$1.initChannel(AbstractWebsocketClient.java:91)
	at io.netty.channel.ChannelInitializer.initChannel(ChannelInitializer.java:129)
	at io.netty.channel.ChannelInitializer.handlerAdded(ChannelInitializer.java:112)
	at io.netty.channel.AbstractChannelHandlerContext.callHandlerAdded(AbstractChannelHandlerContext.java:938)
	at io.netty.channel.DefaultChannelPipeline.callHandlerAdded0(DefaultChannelPipeline.java:609)
	at io.netty.channel.DefaultChannelPipeline.access$100(DefaultChannelPipeline.java:46)
	at io.netty.channel.DefaultChannelPipeline$PendingHandlerAddedTask.execute(DefaultChannelPipeline.java:1463)
	at io.netty.channel.DefaultChannelPipeline.callHandlerAddedForAllHandlers(DefaultChannelPipeline.java:1115)
	at io.netty.channel.DefaultChannelPipeline.invokeHandlerAddedIfNeeded(DefaultChannelPipeline.java:650)
	at io.netty.channel.AbstractChannel$AbstractUnsafe.register0(AbstractChannel.java:514)
	at io.netty.channel.AbstractChannel$AbstractUnsafe.access$200(AbstractChannel.java:429)
	at io.netty.channel.AbstractChannel$AbstractUnsafe$1.run(AbstractChannel.java:486)
	at io.netty.util.concurrent.AbstractEventExecutor.runTask$$$capture(AbstractEventExecutor.java:174)
	at io.netty.util.concurrent.AbstractEventExecutor.runTask(AbstractEventExecutor.java)
	at io.netty.util.concurrent.AbstractEventExecutor.safeExecute$$$capture(AbstractEventExecutor.java:167)
	at io.netty.util.concurrent.AbstractEventExecutor.safeExecute(AbstractEventExecutor.java)
	at io.netty.util.concurrent.SingleThreadEventExecutor.runAllTasks(SingleThreadEventExecutor.java:470)
	at io.netty.channel.nio.NioEventLoop.run(NioEventLoop.java:569)
	at io.netty.util.concurrent.SingleThreadEventExecutor$4.run(SingleThreadEventExecutor.java:997)
	at io.netty.util.internal.ThreadExecutorMap$2.run(ThreadExecutorMap.java:74)
	at io.netty.util.concurrent.FastThreadLocalRunnable.run(FastThreadLocalRunnable.java:30)
	at java.base/java.lang.Thread.run(Thread.java:833)
[ ERROR] [2024-10-10 00:11:43,072] [main] c.h.t.n.b.AbstractWebsocketClient -websocket client 启动失败
io.netty.channel.StacklessClosedChannelException: null
	at io.netty.channel.AbstractChannel$AbstractUnsafe.ensureOpen(ChannelPromise)(Unknown Source)
[ WARN ] [2024-10-10 00:12:42,765] [main] i.n.b.Bootstrap -Unknown channel option 'SO_BROADCAST' for channel '[id: 0x792801a6]'
[ ERROR] [2024-10-10 00:12:42,901] [nioEventLoopGroup-2-1] c.h.t.n.b.AbstractWebSocketClientHandler -业务处理错误，websocket client关闭
io.netty.handler.proxy.ProxyConnectException: socks5, none, /127.0.0.1:7890 => ws-api.binance.com/108.160.165.8:443, io.netty.handler.codec.EncoderException: java.lang.IllegalStateException: unexpected message type: PooledUnsafeDirectByteBuf, state: 0
	at io.netty.handler.proxy.ProxyHandler.setConnectFailure(ProxyHandler.java:341)
	at io.netty.handler.proxy.ProxyHandler.access$100(ProxyHandler.java:38)
	at io.netty.handler.proxy.ProxyHandler$1.operationComplete(ProxyHandler.java:67)
	at io.netty.handler.proxy.ProxyHandler$1.operationComplete(ProxyHandler.java:63)
	at io.netty.util.concurrent.DefaultPromise.notifyListener0(DefaultPromise.java:578)
	at io.netty.util.concurrent.DefaultPromise.notifyListenersNow(DefaultPromise.java:552)
	at io.netty.util.concurrent.DefaultPromise.notifyListeners(DefaultPromise.java:491)
	at io.netty.util.concurrent.DefaultPromise.addListener(DefaultPromise.java:184)
	at io.netty.channel.DefaultChannelPromise.addListener(DefaultChannelPromise.java:95)
	at io.netty.channel.DefaultChannelPromise.addListener(DefaultChannelPromise.java:30)
	at io.netty.handler.proxy.ProxyHandler.sendToProxyServer(ProxyHandler.java:224)
	at io.netty.handler.proxy.ProxyHandler.sendInitialMessage(ProxyHandler.java:206)
	at io.netty.handler.proxy.ProxyHandler.channelActive(ProxyHandler.java:183)
	at io.netty.channel.AbstractChannelHandlerContext.invokeChannelActive(AbstractChannelHandlerContext.java:230)
	at io.netty.channel.AbstractChannelHandlerContext.invokeChannelActive(AbstractChannelHandlerContext.java:216)
	at io.netty.channel.AbstractChannelHandlerContext.fireChannelActive(AbstractChannelHandlerContext.java:209)
	at io.netty.channel.ChannelInboundHandlerAdapter.channelActive(ChannelInboundHandlerAdapter.java:69)
	at io.netty.handler.timeout.IdleStateHandler.channelActive(IdleStateHandler.java:271)
	at io.netty.channel.AbstractChannelHandlerContext.invokeChannelActive(AbstractChannelHandlerContext.java:230)
	at io.netty.channel.AbstractChannelHandlerContext.invokeChannelActive(AbstractChannelHandlerContext.java:216)
	at io.netty.channel.AbstractChannelHandlerContext.fireChannelActive(AbstractChannelHandlerContext.java:209)
	at io.netty.channel.ChannelInboundHandlerAdapter.channelActive(ChannelInboundHandlerAdapter.java:69)
	at io.netty.handler.codec.http.websocketx.WebSocketClientProtocolHandshakeHandler.channelActive(WebSocketClientProtocolHandshakeHandler.java:57)
	at io.netty.channel.AbstractChannelHandlerContext.invokeChannelActive(AbstractChannelHandlerContext.java:230)
	at io.netty.channel.AbstractChannelHandlerContext.invokeChannelActive(AbstractChannelHandlerContext.java:216)
	at io.netty.channel.AbstractChannelHandlerContext.fireChannelActive(AbstractChannelHandlerContext.java:209)
	at io.netty.channel.CombinedChannelDuplexHandler$DelegatingChannelHandlerContext.fireChannelActive(CombinedChannelDuplexHandler.java:412)
	at io.netty.channel.ChannelInboundHandlerAdapter.channelActive(ChannelInboundHandlerAdapter.java:69)
	at io.netty.channel.CombinedChannelDuplexHandler.channelActive(CombinedChannelDuplexHandler.java:211)
	at io.netty.channel.AbstractChannelHandlerContext.invokeChannelActive(AbstractChannelHandlerContext.java:230)
	at io.netty.channel.AbstractChannelHandlerContext.invokeChannelActive(AbstractChannelHandlerContext.java:216)
	at io.netty.channel.AbstractChannelHandlerContext.fireChannelActive(AbstractChannelHandlerContext.java:209)
	at io.netty.handler.ssl.SslHandler.channelActive(SslHandler.java:2156)
	at io.netty.channel.AbstractChannelHandlerContext.invokeChannelActive(AbstractChannelHandlerContext.java:230)
	at io.netty.channel.AbstractChannelHandlerContext.invokeChannelActive(AbstractChannelHandlerContext.java:216)
	at io.netty.channel.AbstractChannelHandlerContext.fireChannelActive(AbstractChannelHandlerContext.java:209)
	at io.netty.channel.DefaultChannelPipeline$HeadContext.channelActive(DefaultChannelPipeline.java:1398)
	at io.netty.channel.AbstractChannelHandlerContext.invokeChannelActive(AbstractChannelHandlerContext.java:230)
	at io.netty.channel.AbstractChannelHandlerContext.invokeChannelActive(AbstractChannelHandlerContext.java:216)
	at io.netty.channel.DefaultChannelPipeline.fireChannelActive(DefaultChannelPipeline.java:895)
	at io.netty.channel.nio.AbstractNioChannel$AbstractNioUnsafe.fulfillConnectPromise(AbstractNioChannel.java:305)
	at io.netty.channel.nio.AbstractNioChannel$AbstractNioUnsafe.finishConnect(AbstractNioChannel.java:335)
	at io.netty.channel.nio.NioEventLoop.processSelectedKey(NioEventLoop.java:776)
	at io.netty.channel.nio.NioEventLoop.processSelectedKeysOptimized(NioEventLoop.java:724)
	at io.netty.channel.nio.NioEventLoop.processSelectedKeys(NioEventLoop.java:650)
	at io.netty.channel.nio.NioEventLoop.run(NioEventLoop.java:562)
	at io.netty.util.concurrent.SingleThreadEventExecutor$4.run(SingleThreadEventExecutor.java:997)
	at io.netty.util.internal.ThreadExecutorMap$2.run(ThreadExecutorMap.java:74)
	at io.netty.util.concurrent.FastThreadLocalRunnable.run(FastThreadLocalRunnable.java:30)
	at java.base/java.lang.Thread.run(Thread.java:833)
Caused by: io.netty.handler.codec.EncoderException: java.lang.IllegalStateException: unexpected message type: PooledUnsafeDirectByteBuf, state: 0
	at io.netty.handler.codec.http.HttpObjectEncoder.write(HttpObjectEncoder.java:108)
	at io.netty.channel.CombinedChannelDuplexHandler.write(CombinedChannelDuplexHandler.java:346)
	at io.netty.channel.AbstractChannelHandlerContext.invokeWrite0(AbstractChannelHandlerContext.java:717)
	at io.netty.channel.AbstractChannelHandlerContext.invokeWrite(AbstractChannelHandlerContext.java:709)
	at io.netty.channel.AbstractChannelHandlerContext.write(AbstractChannelHandlerContext.java:792)
	at io.netty.channel.AbstractChannelHandlerContext.write(AbstractChannelHandlerContext.java:702)
	at io.netty.handler.codec.http.websocketx.WebSocketProtocolHandler.write(WebSocketProtocolHandler.java:118)
	at io.netty.handler.codec.http.websocketx.WebSocketClientProtocolHandler.write(WebSocketClientProtocolHandler.java:47)
	at io.netty.channel.AbstractChannelHandlerContext.invokeWrite0(AbstractChannelHandlerContext.java:717)
	at io.netty.channel.AbstractChannelHandlerContext.invokeWrite(AbstractChannelHandlerContext.java:709)
	at io.netty.channel.AbstractChannelHandlerContext.write(AbstractChannelHandlerContext.java:792)
	at io.netty.channel.AbstractChannelHandlerContext.write(AbstractChannelHandlerContext.java:702)
	at io.netty.handler.timeout.IdleStateHandler.write(IdleStateHandler.java:302)
	at io.netty.channel.AbstractChannelHandlerContext.invokeWrite0(AbstractChannelHandlerContext.java:717)
	at io.netty.channel.AbstractChannelHandlerContext.invokeWrite(AbstractChannelHandlerContext.java:709)
	at io.netty.channel.AbstractChannelHandlerContext.write(AbstractChannelHandlerContext.java:792)
	at io.netty.channel.AbstractChannelHandlerContext.write(AbstractChannelHandlerContext.java:702)
	at io.netty.handler.codec.MessageToByteEncoder.write(MessageToByteEncoder.java:113)
	at io.netty.channel.AbstractChannelHandlerContext.invokeWrite0(AbstractChannelHandlerContext.java:717)
	at io.netty.channel.AbstractChannelHandlerContext.invokeWriteAndFlush(AbstractChannelHandlerContext.java:764)
	at io.netty.channel.AbstractChannelHandlerContext.write(AbstractChannelHandlerContext.java:790)
	at io.netty.channel.AbstractChannelHandlerContext.writeAndFlush(AbstractChannelHandlerContext.java:758)
	at io.netty.channel.AbstractChannelHandlerContext.writeAndFlush(AbstractChannelHandlerContext.java:808)
	... 40 common frames omitted
Caused by: java.lang.IllegalStateException: unexpected message type: PooledUnsafeDirectByteBuf, state: 0
	at io.netty.handler.codec.http.HttpObjectEncoder.throwUnexpectedMessageTypeEx(HttpObjectEncoder.java:348)
	at io.netty.handler.codec.http.HttpObjectEncoder.encodeNotHttpMessageContentTypes(HttpObjectEncoder.java:267)
	at io.netty.handler.codec.http.HttpObjectEncoder.encode(HttpObjectEncoder.java:181)
	at io.netty.handler.codec.http.HttpClientCodec$Encoder.encode(HttpClientCodec.java:203)
	at io.netty.handler.codec.http.HttpObjectEncoder.write(HttpObjectEncoder.java:97)
	... 62 common frames omitted
[ ERROR] [2024-10-10 00:12:42,908] [nioEventLoopGroup-2-1] c.h.t.n.b.AbstractWebSocketClientHandler -业务处理错误，websocket client关闭
io.netty.handler.ssl.SslClosedEngineException: SSLEngine closed already
	at io.netty.handler.ssl.SslHandler.wrap(SslHandler.java:860)
	at io.netty.handler.ssl.SslHandler.wrapAndFlush(SslHandler.java:799)
	at io.netty.handler.ssl.SslHandler.flush(SslHandler.java:780)
	at io.netty.channel.AbstractChannelHandlerContext.invokeFlush0(AbstractChannelHandlerContext.java:750)
	at io.netty.channel.AbstractChannelHandlerContext.invokeFlush(AbstractChannelHandlerContext.java:742)
	at io.netty.channel.AbstractChannelHandlerContext.flush(AbstractChannelHandlerContext.java:728)
	at io.netty.channel.CombinedChannelDuplexHandler$DelegatingChannelHandlerContext.flush(CombinedChannelDuplexHandler.java:531)
	at io.netty.channel.ChannelOutboundHandlerAdapter.flush(ChannelOutboundHandlerAdapter.java:125)
	at io.netty.channel.CombinedChannelDuplexHandler.flush(CombinedChannelDuplexHandler.java:356)
	at io.netty.channel.AbstractChannelHandlerContext.invokeFlush0(AbstractChannelHandlerContext.java:750)
	at io.netty.channel.AbstractChannelHandlerContext.invokeFlush(AbstractChannelHandlerContext.java:742)
	at io.netty.channel.AbstractChannelHandlerContext.flush(AbstractChannelHandlerContext.java:728)
	at io.netty.handler.codec.http.websocketx.WebSocketProtocolHandler.flush(WebSocketProtocolHandler.java:186)
	at io.netty.handler.codec.http.websocketx.WebSocketClientProtocolHandler.flush(WebSocketClientProtocolHandler.java:47)
	at io.netty.channel.AbstractChannelHandlerContext.invokeFlush0(AbstractChannelHandlerContext.java:750)
	at io.netty.channel.AbstractChannelHandlerContext.invokeFlush(AbstractChannelHandlerContext.java:742)
	at io.netty.channel.AbstractChannelHandlerContext.flush(AbstractChannelHandlerContext.java:728)
	at io.netty.handler.proxy.ProxyHandler.flush(ProxyHandler.java:413)
	at io.netty.channel.AbstractChannelHandlerContext.invokeFlush0(AbstractChannelHandlerContext.java:750)
	at io.netty.channel.AbstractChannelHandlerContext.invokeWriteAndFlush(AbstractChannelHandlerContext.java:765)
	at io.netty.channel.AbstractChannelHandlerContext.write(AbstractChannelHandlerContext.java:790)
	at io.netty.channel.AbstractChannelHandlerContext.writeAndFlush(AbstractChannelHandlerContext.java:758)
	at io.netty.channel.AbstractChannelHandlerContext.writeAndFlush(AbstractChannelHandlerContext.java:808)
	at io.netty.channel.DefaultChannelPipeline.writeAndFlush(DefaultChannelPipeline.java:1025)
	at io.netty.channel.AbstractChannel.writeAndFlush(AbstractChannel.java:306)
	at io.netty.handler.codec.http.websocketx.WebSocketClientHandshaker.handshake(WebSocketClientHandshaker.java:270)
	at io.netty.handler.codec.http.websocketx.WebSocketClientHandshaker.handshake(WebSocketClientHandshaker.java:245)
	at io.netty.handler.codec.http.websocketx.WebSocketClientProtocolHandshakeHandler.channelActive(WebSocketClientProtocolHandshakeHandler.java:58)
	at io.netty.channel.AbstractChannelHandlerContext.invokeChannelActive(AbstractChannelHandlerContext.java:230)
	at io.netty.channel.AbstractChannelHandlerContext.invokeChannelActive(AbstractChannelHandlerContext.java:216)
	at io.netty.channel.AbstractChannelHandlerContext.fireChannelActive(AbstractChannelHandlerContext.java:209)
	at io.netty.channel.CombinedChannelDuplexHandler$DelegatingChannelHandlerContext.fireChannelActive(CombinedChannelDuplexHandler.java:412)
	at io.netty.channel.ChannelInboundHandlerAdapter.channelActive(ChannelInboundHandlerAdapter.java:69)
	at io.netty.channel.CombinedChannelDuplexHandler.channelActive(CombinedChannelDuplexHandler.java:211)
	at io.netty.channel.AbstractChannelHandlerContext.invokeChannelActive(AbstractChannelHandlerContext.java:230)
	at io.netty.channel.AbstractChannelHandlerContext.invokeChannelActive(AbstractChannelHandlerContext.java:216)
	at io.netty.channel.AbstractChannelHandlerContext.fireChannelActive(AbstractChannelHandlerContext.java:209)
	at io.netty.handler.ssl.SslHandler.channelActive(SslHandler.java:2156)
	at io.netty.channel.AbstractChannelHandlerContext.invokeChannelActive(AbstractChannelHandlerContext.java:230)
	at io.netty.channel.AbstractChannelHandlerContext.invokeChannelActive(AbstractChannelHandlerContext.java:216)
	at io.netty.channel.AbstractChannelHandlerContext.fireChannelActive(AbstractChannelHandlerContext.java:209)
	at io.netty.channel.DefaultChannelPipeline$HeadContext.channelActive(DefaultChannelPipeline.java:1398)
	at io.netty.channel.AbstractChannelHandlerContext.invokeChannelActive(AbstractChannelHandlerContext.java:230)
	at io.netty.channel.AbstractChannelHandlerContext.invokeChannelActive(AbstractChannelHandlerContext.java:216)
	at io.netty.channel.DefaultChannelPipeline.fireChannelActive(DefaultChannelPipeline.java:895)
	at io.netty.channel.nio.AbstractNioChannel$AbstractNioUnsafe.fulfillConnectPromise(AbstractNioChannel.java:305)
	at io.netty.channel.nio.AbstractNioChannel$AbstractNioUnsafe.finishConnect(AbstractNioChannel.java:335)
	at io.netty.channel.nio.NioEventLoop.processSelectedKey(NioEventLoop.java:776)
	at io.netty.channel.nio.NioEventLoop.processSelectedKeysOptimized(NioEventLoop.java:724)
	at io.netty.channel.nio.NioEventLoop.processSelectedKeys(NioEventLoop.java:650)
	at io.netty.channel.nio.NioEventLoop.run(NioEventLoop.java:562)
	at io.netty.util.concurrent.SingleThreadEventExecutor$4.run(SingleThreadEventExecutor.java:997)
	at io.netty.util.internal.ThreadExecutorMap$2.run(ThreadExecutorMap.java:74)
	at io.netty.util.concurrent.FastThreadLocalRunnable.run(FastThreadLocalRunnable.java:30)
	at java.base/java.lang.Thread.run(Thread.java:833)
[ WARN ] [2024-10-10 00:13:14,804] [main] i.n.b.Bootstrap -Unknown channel option 'SO_BROADCAST' for channel '[id: 0x70f61fb9]'
[ ERROR] [2024-10-10 00:13:14,891] [nioEventLoopGroup-2-1] c.h.t.n.b.AbstractWebSocketClientHandler -业务处理错误，websocket client关闭
io.netty.handler.proxy.ProxyConnectException: socks5, none, /127.0.0.1:7890 => ws-api.binance.com/108.160.165.8:443, java.nio.channels.ClosedChannelException
	at io.netty.handler.proxy.ProxyHandler.setConnectFailure(ProxyHandler.java:341)
	at io.netty.handler.proxy.ProxyHandler.access$100(ProxyHandler.java:38)
	at io.netty.handler.proxy.ProxyHandler$1.operationComplete(ProxyHandler.java:67)
	at io.netty.handler.proxy.ProxyHandler$1.operationComplete(ProxyHandler.java:63)
	at io.netty.util.concurrent.DefaultPromise.notifyListener0(DefaultPromise.java:578)
	at io.netty.util.concurrent.DefaultPromise.notifyListenersNow(DefaultPromise.java:552)
	at io.netty.util.concurrent.DefaultPromise.notifyListeners(DefaultPromise.java:491)
	at io.netty.util.concurrent.DefaultPromise.setValue0(DefaultPromise.java:616)
	at io.netty.util.concurrent.DefaultPromise.setFailure0(DefaultPromise.java:609)
	at io.netty.util.concurrent.DefaultPromise.tryFailure(DefaultPromise.java:117)
	at io.netty.util.internal.PromiseNotificationUtil.tryFailure(PromiseNotificationUtil.java:64)
	at io.netty.channel.DelegatingChannelPromiseNotifier.operationComplete(DelegatingChannelPromiseNotifier.java:57)
	at io.netty.channel.DelegatingChannelPromiseNotifier.operationComplete(DelegatingChannelPromiseNotifier.java:31)
	at io.netty.util.concurrent.DefaultPromise.notifyListener0(DefaultPromise.java:578)
	at io.netty.util.concurrent.DefaultPromise.notifyListenersNow(DefaultPromise.java:552)
	at io.netty.util.concurrent.DefaultPromise.notifyListeners(DefaultPromise.java:491)
	at io.netty.util.concurrent.DefaultPromise.setValue0(DefaultPromise.java:616)
	at io.netty.util.concurrent.DefaultPromise.setFailure0(DefaultPromise.java:609)
	at io.netty.util.concurrent.DefaultPromise.tryFailure(DefaultPromise.java:117)
	at io.netty.util.internal.PromiseNotificationUtil.tryFailure(PromiseNotificationUtil.java:64)
	at io.netty.channel.DelegatingChannelPromiseNotifier.operationComplete(DelegatingChannelPromiseNotifier.java:57)
	at io.netty.channel.DelegatingChannelPromiseNotifier.operationComplete(DelegatingChannelPromiseNotifier.java:31)
	at io.netty.channel.AbstractCoalescingBufferQueue.releaseAndCompleteAll(AbstractCoalescingBufferQueue.java:350)
	at io.netty.channel.AbstractCoalescingBufferQueue.releaseAndFailAll(AbstractCoalescingBufferQueue.java:208)
	at io.netty.handler.ssl.SslHandler.releaseAndFailAll(SslHandler.java:1909)
	at io.netty.handler.ssl.SslHandler.setHandshakeFailure(SslHandler.java:1888)
	at io.netty.handler.ssl.SslHandler.channelInactive(SslHandler.java:1068)
	at io.netty.channel.AbstractChannelHandlerContext.invokeChannelInactive(AbstractChannelHandlerContext.java:262)
	at io.netty.channel.AbstractChannelHandlerContext.invokeChannelInactive(AbstractChannelHandlerContext.java:248)
	at io.netty.channel.AbstractChannelHandlerContext.fireChannelInactive(AbstractChannelHandlerContext.java:241)
	at io.netty.channel.DefaultChannelPipeline$HeadContext.channelInactive(DefaultChannelPipeline.java:1405)
	at io.netty.channel.AbstractChannelHandlerContext.invokeChannelInactive(AbstractChannelHandlerContext.java:262)
	at io.netty.channel.AbstractChannelHandlerContext.invokeChannelInactive(AbstractChannelHandlerContext.java:248)
	at io.netty.channel.DefaultChannelPipeline.fireChannelInactive(DefaultChannelPipeline.java:901)
	at io.netty.channel.AbstractChannel$AbstractUnsafe$7.run(AbstractChannel.java:813)
	at io.netty.util.concurrent.AbstractEventExecutor.runTask$$$capture(AbstractEventExecutor.java:174)
	at io.netty.util.concurrent.AbstractEventExecutor.runTask(AbstractEventExecutor.java)
	at io.netty.util.concurrent.AbstractEventExecutor.safeExecute$$$capture(AbstractEventExecutor.java:167)
	at io.netty.util.concurrent.AbstractEventExecutor.safeExecute(AbstractEventExecutor.java)
	at io.netty.util.concurrent.SingleThreadEventExecutor.runAllTasks(SingleThreadEventExecutor.java:470)
	at io.netty.channel.nio.NioEventLoop.run(NioEventLoop.java:566)
	at io.netty.util.concurrent.SingleThreadEventExecutor$4.run(SingleThreadEventExecutor.java:997)
	at io.netty.util.internal.ThreadExecutorMap$2.run(ThreadExecutorMap.java:74)
	at io.netty.util.concurrent.FastThreadLocalRunnable.run(FastThreadLocalRunnable.java:30)
	at java.base/java.lang.Thread.run(Thread.java:833)
Caused by: java.nio.channels.ClosedChannelException: null
	at io.netty.handler.ssl.SslHandler.channelInactive(SslHandler.java:1065)
	... 18 common frames omitted
[ ERROR] [2024-10-10 00:13:14,894] [nioEventLoopGroup-2-1] c.h.t.n.b.AbstractWebSocketClientHandler -业务处理错误，websocket client关闭
io.netty.handler.proxy.ProxyConnectException: socks5, none, /127.0.0.1:7890 => ws-api.binance.com/108.160.165.8:443, java.nio.channels.ClosedChannelException
	at io.netty.handler.proxy.ProxyHandler.setConnectFailure(ProxyHandler.java:341)
	at io.netty.handler.proxy.ProxyHandler.access$100(ProxyHandler.java:38)
	at io.netty.handler.proxy.ProxyHandler$1.operationComplete(ProxyHandler.java:67)
	at io.netty.handler.proxy.ProxyHandler$1.operationComplete(ProxyHandler.java:63)
	at io.netty.util.concurrent.DefaultPromise.notifyListener0(DefaultPromise.java:578)
	at io.netty.util.concurrent.DefaultPromise.notifyListenersNow(DefaultPromise.java:552)
	at io.netty.util.concurrent.DefaultPromise.notifyListeners(DefaultPromise.java:491)
	at io.netty.util.concurrent.DefaultPromise.setValue0(DefaultPromise.java:616)
	at io.netty.util.concurrent.DefaultPromise.setFailure0(DefaultPromise.java:609)
	at io.netty.util.concurrent.DefaultPromise.tryFailure(DefaultPromise.java:117)
	at io.netty.util.internal.PromiseNotificationUtil.tryFailure(PromiseNotificationUtil.java:64)
	at io.netty.channel.DelegatingChannelPromiseNotifier.operationComplete(DelegatingChannelPromiseNotifier.java:57)
	at io.netty.channel.DelegatingChannelPromiseNotifier.operationComplete(DelegatingChannelPromiseNotifier.java:31)
	at io.netty.util.concurrent.DefaultPromise.notifyListener0(DefaultPromise.java:578)
	at io.netty.util.concurrent.DefaultPromise.notifyListenersNow(DefaultPromise.java:552)
	at io.netty.util.concurrent.DefaultPromise.notifyListeners(DefaultPromise.java:491)
	at io.netty.util.concurrent.DefaultPromise.setValue0(DefaultPromise.java:616)
	at io.netty.util.concurrent.DefaultPromise.setFailure0(DefaultPromise.java:609)
	at io.netty.util.concurrent.DefaultPromise.tryFailure(DefaultPromise.java:117)
	at io.netty.util.internal.PromiseNotificationUtil.tryFailure(PromiseNotificationUtil.java:64)
	at io.netty.channel.DelegatingChannelPromiseNotifier.operationComplete(DelegatingChannelPromiseNotifier.java:57)
	at io.netty.channel.DelegatingChannelPromiseNotifier.operationComplete(DelegatingChannelPromiseNotifier.java:31)
	at io.netty.channel.AbstractCoalescingBufferQueue.releaseAndCompleteAll(AbstractCoalescingBufferQueue.java:350)
	at io.netty.channel.AbstractCoalescingBufferQueue.releaseAndFailAll(AbstractCoalescingBufferQueue.java:208)
	at io.netty.handler.ssl.SslHandler.releaseAndFailAll(SslHandler.java:1909)
	at io.netty.handler.ssl.SslHandler.setHandshakeFailure(SslHandler.java:1888)
	at io.netty.handler.ssl.SslHandler.channelInactive(SslHandler.java:1068)
	at io.netty.channel.AbstractChannelHandlerContext.invokeChannelInactive(AbstractChannelHandlerContext.java:262)
	at io.netty.channel.AbstractChannelHandlerContext.invokeChannelInactive(AbstractChannelHandlerContext.java:248)
	at io.netty.channel.AbstractChannelHandlerContext.fireChannelInactive(AbstractChannelHandlerContext.java:241)
	at io.netty.channel.DefaultChannelPipeline$HeadContext.channelInactive(DefaultChannelPipeline.java:1405)
	at io.netty.channel.AbstractChannelHandlerContext.invokeChannelInactive(AbstractChannelHandlerContext.java:262)
	at io.netty.channel.AbstractChannelHandlerContext.invokeChannelInactive(AbstractChannelHandlerContext.java:248)
	at io.netty.channel.DefaultChannelPipeline.fireChannelInactive(DefaultChannelPipeline.java:901)
	at io.netty.channel.AbstractChannel$AbstractUnsafe$7.run(AbstractChannel.java:813)
	at io.netty.util.concurrent.AbstractEventExecutor.runTask$$$capture(AbstractEventExecutor.java:174)
	at io.netty.util.concurrent.AbstractEventExecutor.runTask(AbstractEventExecutor.java)
	at io.netty.util.concurrent.AbstractEventExecutor.safeExecute$$$capture(AbstractEventExecutor.java:167)
	at io.netty.util.concurrent.AbstractEventExecutor.safeExecute(AbstractEventExecutor.java)
	at io.netty.util.concurrent.SingleThreadEventExecutor.runAllTasks(SingleThreadEventExecutor.java:470)
	at io.netty.channel.nio.NioEventLoop.run(NioEventLoop.java:566)
	at io.netty.util.concurrent.SingleThreadEventExecutor$4.run(SingleThreadEventExecutor.java:997)
	at io.netty.util.internal.ThreadExecutorMap$2.run(ThreadExecutorMap.java:74)
	at io.netty.util.concurrent.FastThreadLocalRunnable.run(FastThreadLocalRunnable.java:30)
	at java.base/java.lang.Thread.run(Thread.java:833)
Caused by: java.nio.channels.ClosedChannelException: null
	at io.netty.handler.ssl.SslHandler.channelInactive(SslHandler.java:1065)
	... 18 common frames omitted
[ WARN ] [2024-10-10 00:13:52,384] [main] i.n.b.Bootstrap -Unknown channel option 'SO_BROADCAST' for channel '[id: 0xb3882299]'
[ ERROR] [2024-10-10 00:13:52,459] [nioEventLoopGroup-2-1] c.h.t.n.b.AbstractWebSocketClientHandler -业务处理错误，websocket client关闭
io.netty.handler.proxy.ProxyConnectException: socks5, none, /127.0.0.1:7890 => ws-api.binance.com/108.160.165.8:443, java.nio.channels.ClosedChannelException
	at io.netty.handler.proxy.ProxyHandler.setConnectFailure(ProxyHandler.java:341)
	at io.netty.handler.proxy.ProxyHandler.access$100(ProxyHandler.java:38)
	at io.netty.handler.proxy.ProxyHandler$1.operationComplete(ProxyHandler.java:67)
	at io.netty.handler.proxy.ProxyHandler$1.operationComplete(ProxyHandler.java:63)
	at io.netty.util.concurrent.DefaultPromise.notifyListener0(DefaultPromise.java:578)
	at io.netty.util.concurrent.DefaultPromise.notifyListenersNow(DefaultPromise.java:552)
	at io.netty.util.concurrent.DefaultPromise.notifyListeners(DefaultPromise.java:491)
	at io.netty.util.concurrent.DefaultPromise.setValue0(DefaultPromise.java:616)
	at io.netty.util.concurrent.DefaultPromise.setFailure0(DefaultPromise.java:609)
	at io.netty.util.concurrent.DefaultPromise.tryFailure(DefaultPromise.java:117)
	at io.netty.util.internal.PromiseNotificationUtil.tryFailure(PromiseNotificationUtil.java:64)
	at io.netty.channel.DelegatingChannelPromiseNotifier.operationComplete(DelegatingChannelPromiseNotifier.java:57)
	at io.netty.channel.DelegatingChannelPromiseNotifier.operationComplete(DelegatingChannelPromiseNotifier.java:31)
	at io.netty.util.concurrent.DefaultPromise.notifyListener0(DefaultPromise.java:578)
	at io.netty.util.concurrent.DefaultPromise.notifyListenersNow(DefaultPromise.java:552)
	at io.netty.util.concurrent.DefaultPromise.notifyListeners(DefaultPromise.java:491)
	at io.netty.util.concurrent.DefaultPromise.setValue0(DefaultPromise.java:616)
	at io.netty.util.concurrent.DefaultPromise.setFailure0(DefaultPromise.java:609)
	at io.netty.util.concurrent.DefaultPromise.tryFailure(DefaultPromise.java:117)
	at io.netty.util.internal.PromiseNotificationUtil.tryFailure(PromiseNotificationUtil.java:64)
	at io.netty.channel.DelegatingChannelPromiseNotifier.operationComplete(DelegatingChannelPromiseNotifier.java:57)
	at io.netty.channel.DelegatingChannelPromiseNotifier.operationComplete(DelegatingChannelPromiseNotifier.java:31)
	at io.netty.channel.AbstractCoalescingBufferQueue.releaseAndCompleteAll(AbstractCoalescingBufferQueue.java:350)
	at io.netty.channel.AbstractCoalescingBufferQueue.releaseAndFailAll(AbstractCoalescingBufferQueue.java:208)
	at io.netty.handler.ssl.SslHandler.releaseAndFailAll(SslHandler.java:1909)
	at io.netty.handler.ssl.SslHandler.setHandshakeFailure(SslHandler.java:1888)
	at io.netty.handler.ssl.SslHandler.channelInactive(SslHandler.java:1068)
	at io.netty.channel.AbstractChannelHandlerContext.invokeChannelInactive(AbstractChannelHandlerContext.java:262)
	at io.netty.channel.AbstractChannelHandlerContext.invokeChannelInactive(AbstractChannelHandlerContext.java:248)
	at io.netty.channel.AbstractChannelHandlerContext.fireChannelInactive(AbstractChannelHandlerContext.java:241)
	at io.netty.channel.DefaultChannelPipeline$HeadContext.channelInactive(DefaultChannelPipeline.java:1405)
	at io.netty.channel.AbstractChannelHandlerContext.invokeChannelInactive(AbstractChannelHandlerContext.java:262)
	at io.netty.channel.AbstractChannelHandlerContext.invokeChannelInactive(AbstractChannelHandlerContext.java:248)
	at io.netty.channel.DefaultChannelPipeline.fireChannelInactive(DefaultChannelPipeline.java:901)
	at io.netty.channel.AbstractChannel$AbstractUnsafe$7.run(AbstractChannel.java:813)
	at io.netty.util.concurrent.AbstractEventExecutor.runTask$$$capture(AbstractEventExecutor.java:174)
	at io.netty.util.concurrent.AbstractEventExecutor.runTask(AbstractEventExecutor.java)
	at io.netty.util.concurrent.AbstractEventExecutor.safeExecute$$$capture(AbstractEventExecutor.java:167)
	at io.netty.util.concurrent.AbstractEventExecutor.safeExecute(AbstractEventExecutor.java)
	at io.netty.util.concurrent.SingleThreadEventExecutor.runAllTasks(SingleThreadEventExecutor.java:470)
	at io.netty.channel.nio.NioEventLoop.run(NioEventLoop.java:566)
	at io.netty.util.concurrent.SingleThreadEventExecutor$4.run(SingleThreadEventExecutor.java:997)
	at io.netty.util.internal.ThreadExecutorMap$2.run(ThreadExecutorMap.java:74)
	at io.netty.util.concurrent.FastThreadLocalRunnable.run(FastThreadLocalRunnable.java:30)
	at java.base/java.lang.Thread.run(Thread.java:833)
Caused by: java.nio.channels.ClosedChannelException: null
	at io.netty.handler.ssl.SslHandler.channelInactive(SslHandler.java:1065)
	... 18 common frames omitted
[ WARN ] [2024-10-10 00:15:39,423] [main] i.n.b.Bootstrap -Unknown channel option 'SO_BROADCAST' for channel '[id: 0xeff38c2a]'
[ ERROR] [2024-10-10 00:16:08,637] [nioEventLoopGroup-2-1] c.h.t.n.b.AbstractWebSocketClientHandler -业务处理错误，websocket client关闭
java.lang.IllegalStateException: Unexpected FullHttpResponse (getStatus=101 Switching Protocols, content=)
	at com.helei.tradedatacenter.netty.base.AbstractWebSocketClientHandler.channelRead0(AbstractWebSocketClientHandler.java:84)
	at io.netty.channel.SimpleChannelInboundHandler.channelRead(SimpleChannelInboundHandler.java:99)
	at io.netty.channel.AbstractChannelHandlerContext.invokeChannelRead(AbstractChannelHandlerContext.java:379)
	at io.netty.channel.AbstractChannelHandlerContext.invokeChannelRead(AbstractChannelHandlerContext.java:365)
	at io.netty.channel.AbstractChannelHandlerContext.fireChannelRead(AbstractChannelHandlerContext.java:357)
	at io.netty.handler.codec.MessageToMessageDecoder.channelRead(MessageToMessageDecoder.java:103)
	at io.netty.channel.AbstractChannelHandlerContext.invokeChannelRead(AbstractChannelHandlerContext.java:379)
	at io.netty.channel.AbstractChannelHandlerContext.invokeChannelRead(AbstractChannelHandlerContext.java:365)
	at io.netty.channel.AbstractChannelHandlerContext.fireChannelRead(AbstractChannelHandlerContext.java:357)
	at io.netty.handler.codec.MessageToMessageDecoder.channelRead(MessageToMessageDecoder.java:103)
	at io.netty.channel.AbstractChannelHandlerContext.invokeChannelRead(AbstractChannelHandlerContext.java:379)
	at io.netty.channel.AbstractChannelHandlerContext.invokeChannelRead(AbstractChannelHandlerContext.java:365)
	at io.netty.channel.AbstractChannelHandlerContext.fireChannelRead(AbstractChannelHandlerContext.java:357)
	at io.netty.channel.CombinedChannelDuplexHandler$DelegatingChannelHandlerContext.fireChannelRead(CombinedChannelDuplexHandler.java:436)
	at io.netty.handler.codec.ByteToMessageDecoder.fireChannelRead(ByteToMessageDecoder.java:336)
	at io.netty.handler.codec.ByteToMessageDecoder.channelRead(ByteToMessageDecoder.java:308)
	at io.netty.channel.CombinedChannelDuplexHandler.channelRead(CombinedChannelDuplexHandler.java:251)
	at io.netty.channel.AbstractChannelHandlerContext.invokeChannelRead(AbstractChannelHandlerContext.java:379)
	at io.netty.channel.AbstractChannelHandlerContext.invokeChannelRead(AbstractChannelHandlerContext.java:365)
	at io.netty.channel.AbstractChannelHandlerContext.fireChannelRead(AbstractChannelHandlerContext.java:357)
	at io.netty.handler.ssl.SslHandler.unwrap(SslHandler.java:1373)
	at io.netty.handler.ssl.SslHandler.decodeJdkCompatible(SslHandler.java:1236)
	at io.netty.handler.ssl.SslHandler.decode(SslHandler.java:1285)
	at io.netty.handler.codec.ByteToMessageDecoder.decodeRemovalReentryProtection(ByteToMessageDecoder.java:519)
	at io.netty.handler.codec.ByteToMessageDecoder.callDecode(ByteToMessageDecoder.java:458)
	at io.netty.handler.codec.ByteToMessageDecoder.channelRead(ByteToMessageDecoder.java:280)
	at io.netty.channel.AbstractChannelHandlerContext.invokeChannelRead(AbstractChannelHandlerContext.java:379)
	at io.netty.channel.AbstractChannelHandlerContext.invokeChannelRead(AbstractChannelHandlerContext.java:365)
	at io.netty.channel.AbstractChannelHandlerContext.fireChannelRead(AbstractChannelHandlerContext.java:357)
	at io.netty.handler.proxy.ProxyHandler.channelRead(ProxyHandler.java:252)
	at io.netty.channel.AbstractChannelHandlerContext.invokeChannelRead(AbstractChannelHandlerContext.java:379)
	at io.netty.channel.AbstractChannelHandlerContext.invokeChannelRead(AbstractChannelHandlerContext.java:365)
	at io.netty.channel.AbstractChannelHandlerContext.fireChannelRead(AbstractChannelHandlerContext.java:357)
	at io.netty.channel.DefaultChannelPipeline$HeadContext.channelRead(DefaultChannelPipeline.java:1410)
	at io.netty.channel.AbstractChannelHandlerContext.invokeChannelRead(AbstractChannelHandlerContext.java:379)
	at io.netty.channel.AbstractChannelHandlerContext.invokeChannelRead(AbstractChannelHandlerContext.java:365)
	at io.netty.channel.DefaultChannelPipeline.fireChannelRead(DefaultChannelPipeline.java:919)
	at io.netty.channel.nio.AbstractNioByteChannel$NioByteUnsafe.read(AbstractNioByteChannel.java:166)
	at io.netty.channel.nio.NioEventLoop.processSelectedKey(NioEventLoop.java:788)
	at io.netty.channel.nio.NioEventLoop.processSelectedKeysOptimized(NioEventLoop.java:724)
	at io.netty.channel.nio.NioEventLoop.processSelectedKeys(NioEventLoop.java:650)
	at io.netty.channel.nio.NioEventLoop.run(NioEventLoop.java:562)
	at io.netty.util.concurrent.SingleThreadEventExecutor$4.run(SingleThreadEventExecutor.java:997)
	at io.netty.util.internal.ThreadExecutorMap$2.run(ThreadExecutorMap.java:74)
	at io.netty.util.concurrent.FastThreadLocalRunnable.run(FastThreadLocalRunnable.java:30)
	at java.base/java.lang.Thread.run(Thread.java:833)
[ WARN ] [2024-10-10 00:17:49,298] [main] i.n.b.Bootstrap -Unknown channel option 'SO_BROADCAST' for channel '[id: 0x99bbd36d]'
[ WARN ] [2024-10-10 00:18:23,552] [main] i.n.b.Bootstrap -Unknown channel option 'SO_BROADCAST' for channel '[id: 0xc281b063]'
[ WARN ] [2024-10-10 00:19:15,576] [main] i.n.b.Bootstrap -Unknown channel option 'SO_BROADCAST' for channel '[id: 0xedae7136]'
[ ERROR] [2024-10-10 00:19:37,010] [nioEventLoopGroup-2-1] c.h.t.n.b.AbstractWebSocketClientHandler -业务处理错误，websocket client关闭
java.lang.NullPointerException: Cannot invoke "Object.hashCode()" because "key" is null
	at java.base/java.util.concurrent.ConcurrentHashMap.get(ConcurrentHashMap.java:936)
	at com.helei.tradedatacenter.netty.handler.RequestResponseHandler.submitResponse(RequestResponseHandler.java:47)
	at com.helei.tradedatacenter.netty.base.AbstractWebsocketClient.submitResponse(AbstractWebsocketClient.java:186)
	at com.helei.tradedatacenter.netty.base.AbstractWebSocketClientHandler.channelRead0(AbstractWebSocketClientHandler.java:111)
	at io.netty.channel.SimpleChannelInboundHandler.channelRead(SimpleChannelInboundHandler.java:99)
	at io.netty.channel.AbstractChannelHandlerContext.invokeChannelRead(AbstractChannelHandlerContext.java:379)
	at io.netty.channel.AbstractChannelHandlerContext.invokeChannelRead(AbstractChannelHandlerContext.java:365)
	at io.netty.channel.AbstractChannelHandlerContext.fireChannelRead(AbstractChannelHandlerContext.java:357)
	at io.netty.handler.codec.MessageToMessageDecoder.channelRead(MessageToMessageDecoder.java:103)
	at io.netty.channel.AbstractChannelHandlerContext.invokeChannelRead(AbstractChannelHandlerContext.java:379)
	at io.netty.channel.AbstractChannelHandlerContext.invokeChannelRead(AbstractChannelHandlerContext.java:365)
	at io.netty.channel.AbstractChannelHandlerContext.fireChannelRead(AbstractChannelHandlerContext.java:357)
	at io.netty.handler.codec.ByteToMessageDecoder.fireChannelRead(ByteToMessageDecoder.java:336)
	at io.netty.handler.codec.ByteToMessageDecoder.channelRead(ByteToMessageDecoder.java:308)
	at io.netty.channel.AbstractChannelHandlerContext.invokeChannelRead(AbstractChannelHandlerContext.java:379)
	at io.netty.channel.AbstractChannelHandlerContext.invokeChannelRead(AbstractChannelHandlerContext.java:365)
	at io.netty.channel.AbstractChannelHandlerContext.fireChannelRead(AbstractChannelHandlerContext.java:357)
	at io.netty.handler.ssl.SslHandler.unwrap(SslHandler.java:1373)
	at io.netty.handler.ssl.SslHandler.decodeJdkCompatible(SslHandler.java:1236)
	at io.netty.handler.ssl.SslHandler.decode(SslHandler.java:1285)
	at io.netty.handler.codec.ByteToMessageDecoder.decodeRemovalReentryProtection(ByteToMessageDecoder.java:519)
	at io.netty.handler.codec.ByteToMessageDecoder.callDecode(ByteToMessageDecoder.java:458)
	at io.netty.handler.codec.ByteToMessageDecoder.channelRead(ByteToMessageDecoder.java:280)
	at io.netty.channel.AbstractChannelHandlerContext.invokeChannelRead(AbstractChannelHandlerContext.java:379)
	at io.netty.channel.AbstractChannelHandlerContext.invokeChannelRead(AbstractChannelHandlerContext.java:365)
	at io.netty.channel.AbstractChannelHandlerContext.fireChannelRead(AbstractChannelHandlerContext.java:357)
	at io.netty.handler.proxy.ProxyHandler.channelRead(ProxyHandler.java:252)
	at io.netty.channel.AbstractChannelHandlerContext.invokeChannelRead(AbstractChannelHandlerContext.java:379)
	at io.netty.channel.AbstractChannelHandlerContext.invokeChannelRead(AbstractChannelHandlerContext.java:365)
	at io.netty.channel.AbstractChannelHandlerContext.fireChannelRead(AbstractChannelHandlerContext.java:357)
	at io.netty.channel.DefaultChannelPipeline$HeadContext.channelRead(DefaultChannelPipeline.java:1410)
	at io.netty.channel.AbstractChannelHandlerContext.invokeChannelRead(AbstractChannelHandlerContext.java:379)
	at io.netty.channel.AbstractChannelHandlerContext.invokeChannelRead(AbstractChannelHandlerContext.java:365)
	at io.netty.channel.DefaultChannelPipeline.fireChannelRead(DefaultChannelPipeline.java:919)
	at io.netty.channel.nio.AbstractNioByteChannel$NioByteUnsafe.read(AbstractNioByteChannel.java:166)
	at io.netty.channel.nio.NioEventLoop.processSelectedKey(NioEventLoop.java:788)
	at io.netty.channel.nio.NioEventLoop.processSelectedKeysOptimized(NioEventLoop.java:724)
	at io.netty.channel.nio.NioEventLoop.processSelectedKeys(NioEventLoop.java:650)
	at io.netty.channel.nio.NioEventLoop.run(NioEventLoop.java:562)
	at io.netty.util.concurrent.SingleThreadEventExecutor$4.run(SingleThreadEventExecutor.java:997)
	at io.netty.util.internal.ThreadExecutorMap$2.run(ThreadExecutorMap.java:74)
	at io.netty.util.concurrent.FastThreadLocalRunnable.run(FastThreadLocalRunnable.java:30)
	at java.base/java.lang.Thread.run(Thread.java:833)
