[ DEBUG] [2024-10-09 00:03:40,504] [main] i.n.u.i.l.InternalLoggerFactory -Using SLF4J as the default logging framework
[ DEBUG] [2024-10-09 00:03:40,515] [main] i.n.c.MultithreadEventLoopGroup --Dio.netty.eventLoopThreads: 40
[ DEBUG] [2024-10-09 00:03:40,532] [main] i.n.u.i.InternalThreadLocalMap --Dio.netty.threadLocalMap.stringBuilder.initialSize: 1024
[ DEBUG] [2024-10-09 00:03:40,532] [main] i.n.u.i.InternalThreadLocalMap --Dio.netty.threadLocalMap.stringBuilder.maxSize: 4096
[ DEBUG] [2024-10-09 00:03:40,545] [main] i.n.u.i.PlatformDependent0 --Dio.netty.noUnsafe: false
[ DEBUG] [2024-10-09 00:03:40,545] [main] i.n.u.i.PlatformDependent0 -Java version: 21
[ DEBUG] [2024-10-09 00:03:40,547] [main] i.n.u.i.PlatformDependent0 -sun.misc.Unsafe.theUnsafe: available
[ DEBUG] [2024-10-09 00:03:40,547] [main] i.n.u.i.PlatformDependent0 -sun.misc.Unsafe.copyMemory: available
[ DEBUG] [2024-10-09 00:03:40,547] [main] i.n.u.i.PlatformDependent0 -sun.misc.Unsafe.storeFence: available
[ DEBUG] [2024-10-09 00:03:40,548] [main] i.n.u.i.PlatformDependent0 -java.nio.Buffer.address: available
[ DEBUG] [2024-10-09 00:03:40,548] [main] i.n.u.i.PlatformDependent0 -direct buffer constructor: unavailable: java.nio.DirectByteBuffer.<init>(long,int)
[ DEBUG] [2024-10-09 00:03:40,548] [main] i.n.u.i.PlatformDependent0 -java.nio.Bits.unaligned: available, true
[ DEBUG] [2024-10-09 00:03:40,548] [main] i.n.u.i.PlatformDependent0 -jdk.internal.misc.Unsafe.allocateUninitializedArray(int): unavailable: class io.netty.util.internal.PlatformDependent0$7 cannot access class jdk.internal.misc.Unsafe (in module java.base) because module java.base does not export jdk.internal.misc to unnamed module @eb21112
[ DEBUG] [2024-10-09 00:03:40,549] [main] i.n.u.i.PlatformDependent0 -java.nio.DirectByteBuffer.<init>(long, int): unavailable
[ DEBUG] [2024-10-09 00:03:40,549] [main] i.n.u.i.PlatformDependent -sun.misc.Unsafe: available
[ DEBUG] [2024-10-09 00:03:40,555] [main] i.n.u.i.PlatformDependent -maxDirectMemory: 12842958848 bytes (maybe)
[ DEBUG] [2024-10-09 00:03:40,556] [main] i.n.u.i.PlatformDependent --Dio.netty.tmpdir: C:\Users\helei\AppData\Local\Temp (java.io.tmpdir)
[ DEBUG] [2024-10-09 00:03:40,556] [main] i.n.u.i.PlatformDependent --Dio.netty.bitMode: 64 (sun.arch.data.model)
[ DEBUG] [2024-10-09 00:03:40,556] [main] i.n.u.i.PlatformDependent -Platform: Windows
[ DEBUG] [2024-10-09 00:03:40,557] [main] i.n.u.i.PlatformDependent --Dio.netty.maxDirectMemory: -1 bytes
[ DEBUG] [2024-10-09 00:03:40,557] [main] i.n.u.i.PlatformDependent --Dio.netty.uninitializedArrayAllocationThreshold: -1
[ DEBUG] [2024-10-09 00:03:40,558] [main] i.n.u.i.CleanerJava9 -java.nio.ByteBuffer.cleaner(): available
[ DEBUG] [2024-10-09 00:03:40,558] [main] i.n.u.i.PlatformDependent --Dio.netty.noPreferDirect: false
[ DEBUG] [2024-10-09 00:03:40,559] [main] i.n.c.n.NioEventLoop --Dio.netty.noKeySetOptimization: false
[ DEBUG] [2024-10-09 00:03:40,559] [main] i.n.c.n.NioEventLoop --Dio.netty.selectorAutoRebuildThreshold: 512
[ DEBUG] [2024-10-09 00:03:40,562] [main] i.n.u.i.PlatformDependent -org.jctools-core.MpscChunkedArrayQueue: available
[ DEBUG] [2024-10-09 00:03:40,644] [main] c.h.t.WebSocketNettyClient -握手开始
[ DEBUG] [2024-10-09 00:03:40,662] [main] i.n.h.s.OpenSsl -netty-tcnative not in the classpath; OpenSslEngine will be unavailable.
[ DEBUG] [2024-10-09 00:03:40,734] [main] i.n.h.s.JdkSslContext -Default protocols (JDK): [TLSv1.3, TLSv1.2] 
[ DEBUG] [2024-10-09 00:03:40,734] [main] i.n.h.s.JdkSslContext -Default cipher suites (JDK): [TLS_ECDHE_ECDSA_WITH_AES_256_GCM_SHA384, TLS_ECDHE_ECDSA_WITH_AES_128_GCM_SHA256, TLS_ECDHE_RSA_WITH_AES_128_GCM_SHA256, TLS_ECDHE_RSA_WITH_AES_256_GCM_SHA384, TLS_ECDHE_RSA_WITH_AES_128_CBC_SHA, TLS_ECDHE_RSA_WITH_AES_256_CBC_SHA, TLS_RSA_WITH_AES_128_GCM_SHA256, TLS_RSA_WITH_AES_128_CBC_SHA, TLS_RSA_WITH_AES_256_CBC_SHA, TLS_AES_128_GCM_SHA256, TLS_AES_256_GCM_SHA384]
[ DEBUG] [2024-10-09 00:04:35,477] [main] i.n.u.i.l.InternalLoggerFactory -Using SLF4J as the default logging framework
[ DEBUG] [2024-10-09 00:04:35,477] [main] i.n.c.MultithreadEventLoopGroup --Dio.netty.eventLoopThreads: 40
[ DEBUG] [2024-10-09 00:04:35,487] [main] i.n.u.i.InternalThreadLocalMap --Dio.netty.threadLocalMap.stringBuilder.initialSize: 1024
[ DEBUG] [2024-10-09 00:04:35,488] [main] i.n.u.i.InternalThreadLocalMap --Dio.netty.threadLocalMap.stringBuilder.maxSize: 4096
[ DEBUG] [2024-10-09 00:04:35,498] [main] i.n.u.i.PlatformDependent0 --Dio.netty.noUnsafe: false
[ DEBUG] [2024-10-09 00:04:35,498] [main] i.n.u.i.PlatformDependent0 -Java version: 21
[ DEBUG] [2024-10-09 00:04:35,499] [main] i.n.u.i.PlatformDependent0 -sun.misc.Unsafe.theUnsafe: available
[ DEBUG] [2024-10-09 00:04:35,499] [main] i.n.u.i.PlatformDependent0 -sun.misc.Unsafe.copyMemory: available
[ DEBUG] [2024-10-09 00:04:35,500] [main] i.n.u.i.PlatformDependent0 -sun.misc.Unsafe.storeFence: available
[ DEBUG] [2024-10-09 00:04:35,500] [main] i.n.u.i.PlatformDependent0 -java.nio.Buffer.address: available
[ DEBUG] [2024-10-09 00:04:35,500] [main] i.n.u.i.PlatformDependent0 -direct buffer constructor: unavailable: java.nio.DirectByteBuffer.<init>(long,int)
[ DEBUG] [2024-10-09 00:04:35,500] [main] i.n.u.i.PlatformDependent0 -java.nio.Bits.unaligned: available, true
[ DEBUG] [2024-10-09 00:04:35,501] [main] i.n.u.i.PlatformDependent0 -jdk.internal.misc.Unsafe.allocateUninitializedArray(int): unavailable: class io.netty.util.internal.PlatformDependent0$7 cannot access class jdk.internal.misc.Unsafe (in module java.base) because module java.base does not export jdk.internal.misc to unnamed module @eb21112
[ DEBUG] [2024-10-09 00:04:35,502] [main] i.n.u.i.PlatformDependent0 -java.nio.DirectByteBuffer.<init>(long, int): unavailable
[ DEBUG] [2024-10-09 00:04:35,502] [main] i.n.u.i.PlatformDependent -sun.misc.Unsafe: available
[ DEBUG] [2024-10-09 00:04:35,506] [main] i.n.u.i.PlatformDependent -maxDirectMemory: 12842958848 bytes (maybe)
[ DEBUG] [2024-10-09 00:04:35,508] [main] i.n.u.i.PlatformDependent --Dio.netty.tmpdir: C:\Users\helei\AppData\Local\Temp (java.io.tmpdir)
[ DEBUG] [2024-10-09 00:04:35,508] [main] i.n.u.i.PlatformDependent --Dio.netty.bitMode: 64 (sun.arch.data.model)
[ DEBUG] [2024-10-09 00:04:35,508] [main] i.n.u.i.PlatformDependent -Platform: Windows
[ DEBUG] [2024-10-09 00:04:35,509] [main] i.n.u.i.PlatformDependent --Dio.netty.maxDirectMemory: -1 bytes
[ DEBUG] [2024-10-09 00:04:35,509] [main] i.n.u.i.PlatformDependent --Dio.netty.uninitializedArrayAllocationThreshold: -1
[ DEBUG] [2024-10-09 00:04:35,510] [main] i.n.u.i.CleanerJava9 -java.nio.ByteBuffer.cleaner(): available
[ DEBUG] [2024-10-09 00:04:35,510] [main] i.n.u.i.PlatformDependent --Dio.netty.noPreferDirect: false
[ DEBUG] [2024-10-09 00:04:35,510] [main] i.n.c.n.NioEventLoop --Dio.netty.noKeySetOptimization: false
[ DEBUG] [2024-10-09 00:04:35,510] [main] i.n.c.n.NioEventLoop --Dio.netty.selectorAutoRebuildThreshold: 512
[ DEBUG] [2024-10-09 00:04:35,514] [main] i.n.u.i.PlatformDependent -org.jctools-core.MpscChunkedArrayQueue: available
[ DEBUG] [2024-10-09 00:04:35,581] [main] c.h.t.WebSocketNettyClient -握手开始
[ DEBUG] [2024-10-09 00:04:35,597] [main] i.n.h.s.OpenSsl -netty-tcnative not in the classpath; OpenSslEngine will be unavailable.
[ DEBUG] [2024-10-09 00:04:35,663] [main] i.n.h.s.JdkSslContext -Default protocols (JDK): [TLSv1.3, TLSv1.2] 
[ DEBUG] [2024-10-09 00:04:35,665] [main] i.n.h.s.JdkSslContext -Default cipher suites (JDK): [TLS_ECDHE_ECDSA_WITH_AES_256_GCM_SHA384, TLS_ECDHE_ECDSA_WITH_AES_128_GCM_SHA256, TLS_ECDHE_RSA_WITH_AES_128_GCM_SHA256, TLS_ECDHE_RSA_WITH_AES_256_GCM_SHA384, TLS_ECDHE_RSA_WITH_AES_128_CBC_SHA, TLS_ECDHE_RSA_WITH_AES_256_CBC_SHA, TLS_RSA_WITH_AES_128_GCM_SHA256, TLS_RSA_WITH_AES_128_CBC_SHA, TLS_RSA_WITH_AES_256_CBC_SHA, TLS_AES_128_GCM_SHA256, TLS_AES_256_GCM_SHA384]
[ DEBUG] [2024-10-09 00:04:35,677] [main] i.n.c.DefaultChannelId --Dio.netty.processId: 30148 (auto-detected)
[ DEBUG] [2024-10-09 00:04:35,677] [main] i.n.u.NetUtil --Djava.net.preferIPv4Stack: false
[ DEBUG] [2024-10-09 00:04:35,678] [main] i.n.u.NetUtil --Djava.net.preferIPv6Addresses: false
[ DEBUG] [2024-10-09 00:04:35,681] [main] i.n.u.NetUtilInitializations -Loopback interface: loopback_0 (Software Loopback Interface 1, 0:0:0:0:0:0:0:1)
[ DEBUG] [2024-10-09 00:04:35,681] [main] i.n.u.NetUtil -Failed to get SOMAXCONN from sysctl and file \proc\sys\net\core\somaxconn. Default: 200
[ DEBUG] [2024-10-09 00:04:35,685] [main] i.n.c.DefaultChannelId --Dio.netty.machineId: 08:bf:b8:ff:fe:74:9a:f8 (auto-detected)
[ DEBUG] [2024-10-09 00:04:35,691] [main] i.n.u.ResourceLeakDetector --Dio.netty.leakDetection.level: simple
[ DEBUG] [2024-10-09 00:04:35,691] [main] i.n.u.ResourceLeakDetector --Dio.netty.leakDetection.targetRecords: 4
[ DEBUG] [2024-10-09 00:04:35,702] [main] i.n.b.PooledByteBufAllocator --Dio.netty.allocator.numHeapArenas: 40
[ DEBUG] [2024-10-09 00:04:35,702] [main] i.n.b.PooledByteBufAllocator --Dio.netty.allocator.numDirectArenas: 40
[ DEBUG] [2024-10-09 00:04:35,702] [main] i.n.b.PooledByteBufAllocator --Dio.netty.allocator.pageSize: 8192
[ DEBUG] [2024-10-09 00:04:35,702] [main] i.n.b.PooledByteBufAllocator --Dio.netty.allocator.maxOrder: 9
[ DEBUG] [2024-10-09 00:04:35,702] [main] i.n.b.PooledByteBufAllocator --Dio.netty.allocator.chunkSize: 4194304
[ DEBUG] [2024-10-09 00:04:35,702] [main] i.n.b.PooledByteBufAllocator --Dio.netty.allocator.smallCacheSize: 256
[ DEBUG] [2024-10-09 00:04:35,702] [main] i.n.b.PooledByteBufAllocator --Dio.netty.allocator.normalCacheSize: 64
[ DEBUG] [2024-10-09 00:04:35,702] [main] i.n.b.PooledByteBufAllocator --Dio.netty.allocator.maxCachedBufferCapacity: 32768
[ DEBUG] [2024-10-09 00:04:35,702] [main] i.n.b.PooledByteBufAllocator --Dio.netty.allocator.cacheTrimInterval: 8192
[ DEBUG] [2024-10-09 00:04:35,702] [main] i.n.b.PooledByteBufAllocator --Dio.netty.allocator.cacheTrimIntervalMillis: 0
[ DEBUG] [2024-10-09 00:04:35,702] [main] i.n.b.PooledByteBufAllocator --Dio.netty.allocator.useCacheForAllThreads: false
[ DEBUG] [2024-10-09 00:04:35,702] [main] i.n.b.PooledByteBufAllocator --Dio.netty.allocator.maxCachedByteBuffersPerChunk: 1023
[ DEBUG] [2024-10-09 00:04:35,709] [main] i.n.b.ByteBufUtil --Dio.netty.allocator.type: pooled
[ DEBUG] [2024-10-09 00:04:35,709] [main] i.n.b.ByteBufUtil --Dio.netty.threadLocalDirectBufferSize: 0
[ DEBUG] [2024-10-09 00:04:35,709] [main] i.n.b.ByteBufUtil --Dio.netty.maxThreadLocalCharBufferSize: 16384
[ DEBUG] [2024-10-09 00:04:35,738] [nioEventLoopGroup-2-1] i.n.b.AbstractByteBuf --Dio.netty.buffer.checkAccessible: true
[ DEBUG] [2024-10-09 00:04:35,738] [nioEventLoopGroup-2-1] i.n.b.AbstractByteBuf --Dio.netty.buffer.checkBounds: true
[ DEBUG] [2024-10-09 00:04:35,739] [nioEventLoopGroup-2-1] i.n.u.ResourceLeakDetectorFactory -Loaded default ResourceLeakDetector: io.netty.util.ResourceLeakDetector@40d6c884
[ DEBUG] [2024-10-09 00:06:43,811] [main] i.n.u.i.l.InternalLoggerFactory -Using SLF4J as the default logging framework
[ DEBUG] [2024-10-09 00:06:43,813] [main] i.n.c.MultithreadEventLoopGroup --Dio.netty.eventLoopThreads: 40
[ DEBUG] [2024-10-09 00:06:43,821] [main] i.n.u.i.InternalThreadLocalMap --Dio.netty.threadLocalMap.stringBuilder.initialSize: 1024
[ DEBUG] [2024-10-09 00:06:43,821] [main] i.n.u.i.InternalThreadLocalMap --Dio.netty.threadLocalMap.stringBuilder.maxSize: 4096
[ DEBUG] [2024-10-09 00:06:43,831] [main] i.n.u.i.PlatformDependent0 --Dio.netty.noUnsafe: false
[ DEBUG] [2024-10-09 00:06:43,831] [main] i.n.u.i.PlatformDependent0 -Java version: 21
[ DEBUG] [2024-10-09 00:06:43,833] [main] i.n.u.i.PlatformDependent0 -sun.misc.Unsafe.theUnsafe: available
[ DEBUG] [2024-10-09 00:06:43,833] [main] i.n.u.i.PlatformDependent0 -sun.misc.Unsafe.copyMemory: available
[ DEBUG] [2024-10-09 00:06:43,833] [main] i.n.u.i.PlatformDependent0 -sun.misc.Unsafe.storeFence: available
[ DEBUG] [2024-10-09 00:06:43,834] [main] i.n.u.i.PlatformDependent0 -java.nio.Buffer.address: available
[ DEBUG] [2024-10-09 00:06:43,834] [main] i.n.u.i.PlatformDependent0 -direct buffer constructor: unavailable: java.nio.DirectByteBuffer.<init>(long,int)
[ DEBUG] [2024-10-09 00:06:43,834] [main] i.n.u.i.PlatformDependent0 -java.nio.Bits.unaligned: available, true
[ DEBUG] [2024-10-09 00:06:43,834] [main] i.n.u.i.PlatformDependent0 -jdk.internal.misc.Unsafe.allocateUninitializedArray(int): unavailable: class io.netty.util.internal.PlatformDependent0$7 cannot access class jdk.internal.misc.Unsafe (in module java.base) because module java.base does not export jdk.internal.misc to unnamed module @eb21112
[ DEBUG] [2024-10-09 00:06:43,835] [main] i.n.u.i.PlatformDependent0 -java.nio.DirectByteBuffer.<init>(long, int): unavailable
[ DEBUG] [2024-10-09 00:06:43,835] [main] i.n.u.i.PlatformDependent -sun.misc.Unsafe: available
[ DEBUG] [2024-10-09 00:06:43,840] [main] i.n.u.i.PlatformDependent -maxDirectMemory: 12842958848 bytes (maybe)
[ DEBUG] [2024-10-09 00:06:43,841] [main] i.n.u.i.PlatformDependent --Dio.netty.tmpdir: C:\Users\helei\AppData\Local\Temp (java.io.tmpdir)
[ DEBUG] [2024-10-09 00:06:43,841] [main] i.n.u.i.PlatformDependent --Dio.netty.bitMode: 64 (sun.arch.data.model)
[ DEBUG] [2024-10-09 00:06:43,841] [main] i.n.u.i.PlatformDependent -Platform: Windows
[ DEBUG] [2024-10-09 00:06:43,842] [main] i.n.u.i.PlatformDependent --Dio.netty.maxDirectMemory: -1 bytes
[ DEBUG] [2024-10-09 00:06:43,842] [main] i.n.u.i.PlatformDependent --Dio.netty.uninitializedArrayAllocationThreshold: -1
[ DEBUG] [2024-10-09 00:06:43,843] [main] i.n.u.i.CleanerJava9 -java.nio.ByteBuffer.cleaner(): available
[ DEBUG] [2024-10-09 00:06:43,843] [main] i.n.u.i.PlatformDependent --Dio.netty.noPreferDirect: false
[ DEBUG] [2024-10-09 00:06:43,843] [main] i.n.c.n.NioEventLoop --Dio.netty.noKeySetOptimization: false
[ DEBUG] [2024-10-09 00:06:43,844] [main] i.n.c.n.NioEventLoop --Dio.netty.selectorAutoRebuildThreshold: 512
[ DEBUG] [2024-10-09 00:06:43,847] [main] i.n.u.i.PlatformDependent -org.jctools-core.MpscChunkedArrayQueue: available
[ DEBUG] [2024-10-09 00:06:43,914] [main] c.h.t.WebSocketNettyClient -握手开始
[ DEBUG] [2024-10-09 00:06:43,929] [main] i.n.h.s.OpenSsl -netty-tcnative not in the classpath; OpenSslEngine will be unavailable.
[ DEBUG] [2024-10-09 00:06:43,992] [main] i.n.h.s.JdkSslContext -Default protocols (JDK): [TLSv1.3, TLSv1.2] 
[ DEBUG] [2024-10-09 00:06:43,992] [main] i.n.h.s.JdkSslContext -Default cipher suites (JDK): [TLS_ECDHE_ECDSA_WITH_AES_256_GCM_SHA384, TLS_ECDHE_ECDSA_WITH_AES_128_GCM_SHA256, TLS_ECDHE_RSA_WITH_AES_128_GCM_SHA256, TLS_ECDHE_RSA_WITH_AES_256_GCM_SHA384, TLS_ECDHE_RSA_WITH_AES_128_CBC_SHA, TLS_ECDHE_RSA_WITH_AES_256_CBC_SHA, TLS_RSA_WITH_AES_128_GCM_SHA256, TLS_RSA_WITH_AES_128_CBC_SHA, TLS_RSA_WITH_AES_256_CBC_SHA, TLS_AES_128_GCM_SHA256, TLS_AES_256_GCM_SHA384]
[ DEBUG] [2024-10-09 00:06:44,005] [main] i.n.c.DefaultChannelId --Dio.netty.processId: 23160 (auto-detected)
[ DEBUG] [2024-10-09 00:06:44,006] [main] i.n.u.NetUtil --Djava.net.preferIPv4Stack: false
[ DEBUG] [2024-10-09 00:06:44,006] [main] i.n.u.NetUtil --Djava.net.preferIPv6Addresses: false
[ DEBUG] [2024-10-09 00:06:44,007] [main] i.n.u.NetUtilInitializations -Loopback interface: loopback_0 (Software Loopback Interface 1, 0:0:0:0:0:0:0:1)
[ DEBUG] [2024-10-09 00:06:44,009] [main] i.n.u.NetUtil -Failed to get SOMAXCONN from sysctl and file \proc\sys\net\core\somaxconn. Default: 200
[ DEBUG] [2024-10-09 00:06:44,012] [main] i.n.c.DefaultChannelId --Dio.netty.machineId: 08:bf:b8:ff:fe:74:9a:f8 (auto-detected)
[ DEBUG] [2024-10-09 00:06:44,019] [main] i.n.u.ResourceLeakDetector --Dio.netty.leakDetection.level: simple
[ DEBUG] [2024-10-09 00:06:44,019] [main] i.n.u.ResourceLeakDetector --Dio.netty.leakDetection.targetRecords: 4
[ DEBUG] [2024-10-09 00:06:44,032] [main] i.n.b.PooledByteBufAllocator --Dio.netty.allocator.numHeapArenas: 40
[ DEBUG] [2024-10-09 00:06:44,032] [main] i.n.b.PooledByteBufAllocator --Dio.netty.allocator.numDirectArenas: 40
[ DEBUG] [2024-10-09 00:06:44,032] [main] i.n.b.PooledByteBufAllocator --Dio.netty.allocator.pageSize: 8192
[ DEBUG] [2024-10-09 00:06:44,032] [main] i.n.b.PooledByteBufAllocator --Dio.netty.allocator.maxOrder: 9
[ DEBUG] [2024-10-09 00:06:44,032] [main] i.n.b.PooledByteBufAllocator --Dio.netty.allocator.chunkSize: 4194304
[ DEBUG] [2024-10-09 00:06:44,032] [main] i.n.b.PooledByteBufAllocator --Dio.netty.allocator.smallCacheSize: 256
[ DEBUG] [2024-10-09 00:06:44,032] [main] i.n.b.PooledByteBufAllocator --Dio.netty.allocator.normalCacheSize: 64
[ DEBUG] [2024-10-09 00:06:44,032] [main] i.n.b.PooledByteBufAllocator --Dio.netty.allocator.maxCachedBufferCapacity: 32768
[ DEBUG] [2024-10-09 00:06:44,032] [main] i.n.b.PooledByteBufAllocator --Dio.netty.allocator.cacheTrimInterval: 8192
[ DEBUG] [2024-10-09 00:06:44,032] [main] i.n.b.PooledByteBufAllocator --Dio.netty.allocator.cacheTrimIntervalMillis: 0
[ DEBUG] [2024-10-09 00:06:44,032] [main] i.n.b.PooledByteBufAllocator --Dio.netty.allocator.useCacheForAllThreads: false
[ DEBUG] [2024-10-09 00:06:44,032] [main] i.n.b.PooledByteBufAllocator --Dio.netty.allocator.maxCachedByteBuffersPerChunk: 1023
[ DEBUG] [2024-10-09 00:06:44,039] [main] i.n.b.ByteBufUtil --Dio.netty.allocator.type: pooled
[ DEBUG] [2024-10-09 00:06:44,039] [main] i.n.b.ByteBufUtil --Dio.netty.threadLocalDirectBufferSize: 0
[ DEBUG] [2024-10-09 00:06:44,039] [main] i.n.b.ByteBufUtil --Dio.netty.maxThreadLocalCharBufferSize: 16384
[ DEBUG] [2024-10-09 00:06:44,068] [nioEventLoopGroup-2-1] i.n.b.AbstractByteBuf --Dio.netty.buffer.checkAccessible: true
[ DEBUG] [2024-10-09 00:06:44,068] [nioEventLoopGroup-2-1] i.n.b.AbstractByteBuf --Dio.netty.buffer.checkBounds: true
[ DEBUG] [2024-10-09 00:06:44,068] [nioEventLoopGroup-2-1] i.n.u.ResourceLeakDetectorFactory -Loaded default ResourceLeakDetector: io.netty.util.ResourceLeakDetector@2f545339
[ DEBUG] [2024-10-09 00:09:22,907] [main] i.n.u.i.l.InternalLoggerFactory -Using SLF4J as the default logging framework
[ DEBUG] [2024-10-09 00:09:22,909] [main] i.n.c.MultithreadEventLoopGroup --Dio.netty.eventLoopThreads: 40
[ DEBUG] [2024-10-09 00:09:22,918] [main] i.n.u.i.InternalThreadLocalMap --Dio.netty.threadLocalMap.stringBuilder.initialSize: 1024
[ DEBUG] [2024-10-09 00:09:22,919] [main] i.n.u.i.InternalThreadLocalMap --Dio.netty.threadLocalMap.stringBuilder.maxSize: 4096
[ DEBUG] [2024-10-09 00:09:22,929] [main] i.n.u.i.PlatformDependent0 --Dio.netty.noUnsafe: false
[ DEBUG] [2024-10-09 00:09:22,929] [main] i.n.u.i.PlatformDependent0 -Java version: 21
[ DEBUG] [2024-10-09 00:09:22,931] [main] i.n.u.i.PlatformDependent0 -sun.misc.Unsafe.theUnsafe: available
[ DEBUG] [2024-10-09 00:09:22,931] [main] i.n.u.i.PlatformDependent0 -sun.misc.Unsafe.copyMemory: available
[ DEBUG] [2024-10-09 00:09:22,931] [main] i.n.u.i.PlatformDependent0 -sun.misc.Unsafe.storeFence: available
[ DEBUG] [2024-10-09 00:09:22,931] [main] i.n.u.i.PlatformDependent0 -java.nio.Buffer.address: available
[ DEBUG] [2024-10-09 00:09:22,931] [main] i.n.u.i.PlatformDependent0 -direct buffer constructor: unavailable: java.nio.DirectByteBuffer.<init>(long,int)
[ DEBUG] [2024-10-09 00:09:22,932] [main] i.n.u.i.PlatformDependent0 -java.nio.Bits.unaligned: available, true
[ DEBUG] [2024-10-09 00:09:22,933] [main] i.n.u.i.PlatformDependent0 -jdk.internal.misc.Unsafe.allocateUninitializedArray(int): unavailable: class io.netty.util.internal.PlatformDependent0$7 cannot access class jdk.internal.misc.Unsafe (in module java.base) because module java.base does not export jdk.internal.misc to unnamed module @eb21112
[ DEBUG] [2024-10-09 00:09:22,933] [main] i.n.u.i.PlatformDependent0 -java.nio.DirectByteBuffer.<init>(long, int): unavailable
[ DEBUG] [2024-10-09 00:09:22,933] [main] i.n.u.i.PlatformDependent -sun.misc.Unsafe: available
[ DEBUG] [2024-10-09 00:09:22,939] [main] i.n.u.i.PlatformDependent -maxDirectMemory: 12842958848 bytes (maybe)
[ DEBUG] [2024-10-09 00:09:22,940] [main] i.n.u.i.PlatformDependent --Dio.netty.tmpdir: C:\Users\helei\AppData\Local\Temp (java.io.tmpdir)
[ DEBUG] [2024-10-09 00:09:22,940] [main] i.n.u.i.PlatformDependent --Dio.netty.bitMode: 64 (sun.arch.data.model)
[ DEBUG] [2024-10-09 00:09:22,940] [main] i.n.u.i.PlatformDependent -Platform: Windows
[ DEBUG] [2024-10-09 00:09:22,940] [main] i.n.u.i.PlatformDependent --Dio.netty.maxDirectMemory: -1 bytes
[ DEBUG] [2024-10-09 00:09:22,940] [main] i.n.u.i.PlatformDependent --Dio.netty.uninitializedArrayAllocationThreshold: -1
[ DEBUG] [2024-10-09 00:09:22,941] [main] i.n.u.i.CleanerJava9 -java.nio.ByteBuffer.cleaner(): available
[ DEBUG] [2024-10-09 00:09:22,941] [main] i.n.u.i.PlatformDependent --Dio.netty.noPreferDirect: false
[ DEBUG] [2024-10-09 00:09:22,941] [main] i.n.c.n.NioEventLoop --Dio.netty.noKeySetOptimization: false
[ DEBUG] [2024-10-09 00:09:22,943] [main] i.n.c.n.NioEventLoop --Dio.netty.selectorAutoRebuildThreshold: 512
[ DEBUG] [2024-10-09 00:09:22,946] [main] i.n.u.i.PlatformDependent -org.jctools-core.MpscChunkedArrayQueue: available
[ DEBUG] [2024-10-09 00:09:23,026] [main] c.h.t.WebSocketNettyClient -握手开始
[ DEBUG] [2024-10-09 00:09:23,044] [main] i.n.h.s.OpenSsl -netty-tcnative not in the classpath; OpenSslEngine will be unavailable.
[ DEBUG] [2024-10-09 00:09:23,122] [main] i.n.h.s.JdkSslContext -Default protocols (JDK): [TLSv1.3, TLSv1.2] 
[ DEBUG] [2024-10-09 00:09:23,123] [main] i.n.h.s.JdkSslContext -Default cipher suites (JDK): [TLS_ECDHE_ECDSA_WITH_AES_256_GCM_SHA384, TLS_ECDHE_ECDSA_WITH_AES_128_GCM_SHA256, TLS_ECDHE_RSA_WITH_AES_128_GCM_SHA256, TLS_ECDHE_RSA_WITH_AES_256_GCM_SHA384, TLS_ECDHE_RSA_WITH_AES_128_CBC_SHA, TLS_ECDHE_RSA_WITH_AES_256_CBC_SHA, TLS_RSA_WITH_AES_128_GCM_SHA256, TLS_RSA_WITH_AES_128_CBC_SHA, TLS_RSA_WITH_AES_256_CBC_SHA, TLS_AES_128_GCM_SHA256, TLS_AES_256_GCM_SHA384]
[ DEBUG] [2024-10-09 00:09:23,137] [main] i.n.c.DefaultChannelId --Dio.netty.processId: 29484 (auto-detected)
[ DEBUG] [2024-10-09 00:09:23,139] [main] i.n.u.NetUtil --Djava.net.preferIPv4Stack: false
[ DEBUG] [2024-10-09 00:09:23,139] [main] i.n.u.NetUtil --Djava.net.preferIPv6Addresses: false
[ DEBUG] [2024-10-09 00:09:23,140] [main] i.n.u.NetUtilInitializations -Loopback interface: loopback_0 (Software Loopback Interface 1, 0:0:0:0:0:0:0:1)
[ DEBUG] [2024-10-09 00:09:23,140] [main] i.n.u.NetUtil -Failed to get SOMAXCONN from sysctl and file \proc\sys\net\core\somaxconn. Default: 200
[ DEBUG] [2024-10-09 00:09:23,146] [main] i.n.c.DefaultChannelId --Dio.netty.machineId: 08:bf:b8:ff:fe:74:9a:f8 (auto-detected)
[ DEBUG] [2024-10-09 00:09:23,152] [main] i.n.u.ResourceLeakDetector --Dio.netty.leakDetection.level: simple
[ DEBUG] [2024-10-09 00:09:23,152] [main] i.n.u.ResourceLeakDetector --Dio.netty.leakDetection.targetRecords: 4
[ DEBUG] [2024-10-09 00:09:23,167] [main] i.n.b.PooledByteBufAllocator --Dio.netty.allocator.numHeapArenas: 40
[ DEBUG] [2024-10-09 00:09:23,167] [main] i.n.b.PooledByteBufAllocator --Dio.netty.allocator.numDirectArenas: 40
[ DEBUG] [2024-10-09 00:09:23,167] [main] i.n.b.PooledByteBufAllocator --Dio.netty.allocator.pageSize: 8192
[ DEBUG] [2024-10-09 00:09:23,167] [main] i.n.b.PooledByteBufAllocator --Dio.netty.allocator.maxOrder: 9
[ DEBUG] [2024-10-09 00:09:23,167] [main] i.n.b.PooledByteBufAllocator --Dio.netty.allocator.chunkSize: 4194304
[ DEBUG] [2024-10-09 00:09:23,167] [main] i.n.b.PooledByteBufAllocator --Dio.netty.allocator.smallCacheSize: 256
[ DEBUG] [2024-10-09 00:09:23,167] [main] i.n.b.PooledByteBufAllocator --Dio.netty.allocator.normalCacheSize: 64
[ DEBUG] [2024-10-09 00:09:23,167] [main] i.n.b.PooledByteBufAllocator --Dio.netty.allocator.maxCachedBufferCapacity: 32768
[ DEBUG] [2024-10-09 00:09:23,167] [main] i.n.b.PooledByteBufAllocator --Dio.netty.allocator.cacheTrimInterval: 8192
[ DEBUG] [2024-10-09 00:09:23,167] [main] i.n.b.PooledByteBufAllocator --Dio.netty.allocator.cacheTrimIntervalMillis: 0
[ DEBUG] [2024-10-09 00:09:23,167] [main] i.n.b.PooledByteBufAllocator --Dio.netty.allocator.useCacheForAllThreads: false
[ DEBUG] [2024-10-09 00:09:23,167] [main] i.n.b.PooledByteBufAllocator --Dio.netty.allocator.maxCachedByteBuffersPerChunk: 1023
[ DEBUG] [2024-10-09 00:09:23,174] [main] i.n.b.ByteBufUtil --Dio.netty.allocator.type: pooled
[ DEBUG] [2024-10-09 00:09:23,174] [main] i.n.b.ByteBufUtil --Dio.netty.threadLocalDirectBufferSize: 0
[ DEBUG] [2024-10-09 00:09:23,174] [main] i.n.b.ByteBufUtil --Dio.netty.maxThreadLocalCharBufferSize: 16384
[ DEBUG] [2024-10-09 00:09:23,203] [nioEventLoopGroup-2-1] i.n.b.AbstractByteBuf --Dio.netty.buffer.checkAccessible: true
[ DEBUG] [2024-10-09 00:09:23,204] [nioEventLoopGroup-2-1] i.n.b.AbstractByteBuf --Dio.netty.buffer.checkBounds: true
[ DEBUG] [2024-10-09 00:09:23,204] [nioEventLoopGroup-2-1] i.n.u.ResourceLeakDetectorFactory -Loaded default ResourceLeakDetector: io.netty.util.ResourceLeakDetector@40d6c884
[ DEBUG] [2024-10-09 00:09:42,245] [main] i.n.u.i.l.InternalLoggerFactory -Using SLF4J as the default logging framework
[ DEBUG] [2024-10-09 00:09:42,247] [main] i.n.c.MultithreadEventLoopGroup --Dio.netty.eventLoopThreads: 40
[ DEBUG] [2024-10-09 00:09:42,257] [main] i.n.u.i.InternalThreadLocalMap --Dio.netty.threadLocalMap.stringBuilder.initialSize: 1024
[ DEBUG] [2024-10-09 00:09:42,257] [main] i.n.u.i.InternalThreadLocalMap --Dio.netty.threadLocalMap.stringBuilder.maxSize: 4096
[ DEBUG] [2024-10-09 00:09:42,268] [main] i.n.u.i.PlatformDependent0 --Dio.netty.noUnsafe: false
[ DEBUG] [2024-10-09 00:09:42,268] [main] i.n.u.i.PlatformDependent0 -Java version: 21
[ DEBUG] [2024-10-09 00:09:42,269] [main] i.n.u.i.PlatformDependent0 -sun.misc.Unsafe.theUnsafe: available
[ DEBUG] [2024-10-09 00:09:42,269] [main] i.n.u.i.PlatformDependent0 -sun.misc.Unsafe.copyMemory: available
[ DEBUG] [2024-10-09 00:09:42,269] [main] i.n.u.i.PlatformDependent0 -sun.misc.Unsafe.storeFence: available
[ DEBUG] [2024-10-09 00:09:42,269] [main] i.n.u.i.PlatformDependent0 -java.nio.Buffer.address: available
[ DEBUG] [2024-10-09 00:09:42,269] [main] i.n.u.i.PlatformDependent0 -direct buffer constructor: unavailable: java.nio.DirectByteBuffer.<init>(long,int)
[ DEBUG] [2024-10-09 00:09:42,270] [main] i.n.u.i.PlatformDependent0 -java.nio.Bits.unaligned: available, true
[ DEBUG] [2024-10-09 00:09:42,270] [main] i.n.u.i.PlatformDependent0 -jdk.internal.misc.Unsafe.allocateUninitializedArray(int): unavailable: class io.netty.util.internal.PlatformDependent0$7 cannot access class jdk.internal.misc.Unsafe (in module java.base) because module java.base does not export jdk.internal.misc to unnamed module @eb21112
[ DEBUG] [2024-10-09 00:09:42,270] [main] i.n.u.i.PlatformDependent0 -java.nio.DirectByteBuffer.<init>(long, int): unavailable
[ DEBUG] [2024-10-09 00:09:42,270] [main] i.n.u.i.PlatformDependent -sun.misc.Unsafe: available
[ DEBUG] [2024-10-09 00:09:42,277] [main] i.n.u.i.PlatformDependent -maxDirectMemory: 12842958848 bytes (maybe)
[ DEBUG] [2024-10-09 00:09:42,278] [main] i.n.u.i.PlatformDependent --Dio.netty.tmpdir: C:\Users\helei\AppData\Local\Temp (java.io.tmpdir)
[ DEBUG] [2024-10-09 00:09:42,278] [main] i.n.u.i.PlatformDependent --Dio.netty.bitMode: 64 (sun.arch.data.model)
[ DEBUG] [2024-10-09 00:09:42,278] [main] i.n.u.i.PlatformDependent -Platform: Windows
[ DEBUG] [2024-10-09 00:09:42,278] [main] i.n.u.i.PlatformDependent --Dio.netty.maxDirectMemory: -1 bytes
[ DEBUG] [2024-10-09 00:09:42,278] [main] i.n.u.i.PlatformDependent --Dio.netty.uninitializedArrayAllocationThreshold: -1
[ DEBUG] [2024-10-09 00:09:42,279] [main] i.n.u.i.CleanerJava9 -java.nio.ByteBuffer.cleaner(): available
[ DEBUG] [2024-10-09 00:09:42,279] [main] i.n.u.i.PlatformDependent --Dio.netty.noPreferDirect: false
[ DEBUG] [2024-10-09 00:09:42,280] [main] i.n.c.n.NioEventLoop --Dio.netty.noKeySetOptimization: false
[ DEBUG] [2024-10-09 00:09:42,280] [main] i.n.c.n.NioEventLoop --Dio.netty.selectorAutoRebuildThreshold: 512
[ DEBUG] [2024-10-09 00:09:42,285] [main] i.n.u.i.PlatformDependent -org.jctools-core.MpscChunkedArrayQueue: available
[ DEBUG] [2024-10-09 00:09:42,351] [main] c.h.t.WebSocketNettyClient -握手开始
[ DEBUG] [2024-10-09 00:09:42,366] [main] i.n.h.s.OpenSsl -netty-tcnative not in the classpath; OpenSslEngine will be unavailable.
[ DEBUG] [2024-10-09 00:09:42,433] [main] i.n.h.s.JdkSslContext -Default protocols (JDK): [TLSv1.3, TLSv1.2] 
[ DEBUG] [2024-10-09 00:09:42,435] [main] i.n.h.s.JdkSslContext -Default cipher suites (JDK): [TLS_ECDHE_ECDSA_WITH_AES_256_GCM_SHA384, TLS_ECDHE_ECDSA_WITH_AES_128_GCM_SHA256, TLS_ECDHE_RSA_WITH_AES_128_GCM_SHA256, TLS_ECDHE_RSA_WITH_AES_256_GCM_SHA384, TLS_ECDHE_RSA_WITH_AES_128_CBC_SHA, TLS_ECDHE_RSA_WITH_AES_256_CBC_SHA, TLS_RSA_WITH_AES_128_GCM_SHA256, TLS_RSA_WITH_AES_128_CBC_SHA, TLS_RSA_WITH_AES_256_CBC_SHA, TLS_AES_128_GCM_SHA256, TLS_AES_256_GCM_SHA384]
[ DEBUG] [2024-10-09 00:09:42,446] [main] i.n.c.DefaultChannelId --Dio.netty.processId: 9896 (auto-detected)
[ DEBUG] [2024-10-09 00:09:42,448] [main] i.n.u.NetUtil --Djava.net.preferIPv4Stack: false
[ DEBUG] [2024-10-09 00:09:42,448] [main] i.n.u.NetUtil --Djava.net.preferIPv6Addresses: false
[ DEBUG] [2024-10-09 00:09:42,451] [main] i.n.u.NetUtilInitializations -Loopback interface: loopback_0 (Software Loopback Interface 1, 0:0:0:0:0:0:0:1)
[ DEBUG] [2024-10-09 00:09:42,451] [main] i.n.u.NetUtil -Failed to get SOMAXCONN from sysctl and file \proc\sys\net\core\somaxconn. Default: 200
[ DEBUG] [2024-10-09 00:09:42,455] [main] i.n.c.DefaultChannelId --Dio.netty.machineId: 08:bf:b8:ff:fe:74:9a:f8 (auto-detected)
[ DEBUG] [2024-10-09 00:09:42,462] [main] i.n.u.ResourceLeakDetector --Dio.netty.leakDetection.level: simple
[ DEBUG] [2024-10-09 00:09:42,462] [main] i.n.u.ResourceLeakDetector --Dio.netty.leakDetection.targetRecords: 4
[ DEBUG] [2024-10-09 00:09:42,474] [main] i.n.b.PooledByteBufAllocator --Dio.netty.allocator.numHeapArenas: 40
[ DEBUG] [2024-10-09 00:09:42,474] [main] i.n.b.PooledByteBufAllocator --Dio.netty.allocator.numDirectArenas: 40
[ DEBUG] [2024-10-09 00:09:42,474] [main] i.n.b.PooledByteBufAllocator --Dio.netty.allocator.pageSize: 8192
[ DEBUG] [2024-10-09 00:09:42,474] [main] i.n.b.PooledByteBufAllocator --Dio.netty.allocator.maxOrder: 9
[ DEBUG] [2024-10-09 00:09:42,474] [main] i.n.b.PooledByteBufAllocator --Dio.netty.allocator.chunkSize: 4194304
[ DEBUG] [2024-10-09 00:09:42,474] [main] i.n.b.PooledByteBufAllocator --Dio.netty.allocator.smallCacheSize: 256
[ DEBUG] [2024-10-09 00:09:42,474] [main] i.n.b.PooledByteBufAllocator --Dio.netty.allocator.normalCacheSize: 64
[ DEBUG] [2024-10-09 00:09:42,474] [main] i.n.b.PooledByteBufAllocator --Dio.netty.allocator.maxCachedBufferCapacity: 32768
[ DEBUG] [2024-10-09 00:09:42,475] [main] i.n.b.PooledByteBufAllocator --Dio.netty.allocator.cacheTrimInterval: 8192
[ DEBUG] [2024-10-09 00:09:42,475] [main] i.n.b.PooledByteBufAllocator --Dio.netty.allocator.cacheTrimIntervalMillis: 0
[ DEBUG] [2024-10-09 00:09:42,475] [main] i.n.b.PooledByteBufAllocator --Dio.netty.allocator.useCacheForAllThreads: false
[ DEBUG] [2024-10-09 00:09:42,475] [main] i.n.b.PooledByteBufAllocator --Dio.netty.allocator.maxCachedByteBuffersPerChunk: 1023
[ DEBUG] [2024-10-09 00:09:42,481] [main] i.n.b.ByteBufUtil --Dio.netty.allocator.type: pooled
[ DEBUG] [2024-10-09 00:09:42,481] [main] i.n.b.ByteBufUtil --Dio.netty.threadLocalDirectBufferSize: 0
[ DEBUG] [2024-10-09 00:09:42,481] [main] i.n.b.ByteBufUtil --Dio.netty.maxThreadLocalCharBufferSize: 16384
[ DEBUG] [2024-10-09 00:09:42,509] [nioEventLoopGroup-2-1] i.n.b.AbstractByteBuf --Dio.netty.buffer.checkAccessible: true
[ DEBUG] [2024-10-09 00:09:42,509] [nioEventLoopGroup-2-1] i.n.b.AbstractByteBuf --Dio.netty.buffer.checkBounds: true
[ DEBUG] [2024-10-09 00:09:42,509] [nioEventLoopGroup-2-1] i.n.u.ResourceLeakDetectorFactory -Loaded default ResourceLeakDetector: io.netty.util.ResourceLeakDetector@40d6c884
